2026-03-03 10:19:49,873   INFO  **********************Start logging**********************
2026-03-03 10:19:49,873   INFO  CUDA_VISIBLE_DEVICES=ALL
2026-03-03 10:19:49,873   INFO  Training in distributed mode : total_batch_size: 12
2026-03-03 10:19:49,873   INFO  cfg_file         cfgs/mambafusion_models/mamba_fusion.yaml
2026-03-03 10:19:49,873   INFO  batch_size       3
2026-03-03 10:19:49,873   INFO  epochs           10
2026-03-03 10:19:49,873   INFO  workers          4
2026-03-03 10:19:49,873   INFO  extra_tag        default
2026-03-03 10:19:49,873   INFO  ckpt             /root/autodl-tmp/MambaFusion-main/output/mambafusion_models/mamba_fusion/default/ckpt/latest_model.pth
2026-03-03 10:19:49,873   INFO  pretrained_model None
2026-03-03 10:19:49,873   INFO  launcher         pytorch
2026-03-03 10:19:49,873   INFO  tcp_port         18888
2026-03-03 10:19:49,873   INFO  sync_bn          True
2026-03-03 10:19:49,873   INFO  fix_random_seed  False
2026-03-03 10:19:49,873   INFO  ckpt_save_interval 1
2026-03-03 10:19:49,873   INFO  local_rank       0
2026-03-03 10:19:49,874   INFO  max_ckpt_save_num 30
2026-03-03 10:19:49,874   INFO  merge_all_iters_to_one_epoch False
2026-03-03 10:19:49,874   INFO  set_cfgs         None
2026-03-03 10:19:49,874   INFO  max_waiting_mins 0
2026-03-03 10:19:49,874   INFO  start_epoch      0
2026-03-03 10:19:49,874   INFO  num_epochs_to_eval 1
2026-03-03 10:19:49,874   INFO  save_to_file     False
2026-03-03 10:19:49,874   INFO  use_tqdm_to_record False
2026-03-03 10:19:49,874   INFO  logger_iter_interval 1000
2026-03-03 10:19:49,874   INFO  ckpt_save_time_interval 300
2026-03-03 10:19:49,874   INFO  wo_gpu_stat      False
2026-03-03 10:19:49,874   INFO  use_amp          False
2026-03-03 10:19:49,874   INFO  eval_map         False
2026-03-03 10:19:49,874   INFO  cfg.ROOT_DIR: /root/autodl-tmp/MambaFusion-main
2026-03-03 10:19:49,874   INFO  cfg.LOCAL_RANK: 0
2026-03-03 10:19:49,874   INFO  cfg.CLASS_NAMES: ['car', 'truck', 'construction_vehicle', 'bus', 'trailer', 'barrier', 'motorcycle', 'bicycle', 'pedestrian', 'traffic_cone']
2026-03-03 10:19:49,874   INFO  cfg.return_abs_coords: True
2026-03-03 10:19:49,874   INFO  cfg.use_test_interval: 1
2026-03-03 10:19:49,874   INFO  ----------- DATA_CONFIG -----------
2026-03-03 10:19:49,874   INFO  cfg.DATA_CONFIG.DATASET: NuScenesDataset
2026-03-03 10:19:49,874   INFO  cfg.DATA_CONFIG.DATA_PATH: ../data/nuscenes
2026-03-03 10:19:49,874   INFO  cfg.DATA_CONFIG.VERSION: v1.0-trainval
2026-03-03 10:19:49,874   INFO  cfg.DATA_CONFIG.MAX_SWEEPS: 10
2026-03-03 10:19:49,874   INFO  cfg.DATA_CONFIG.PRED_VELOCITY: True
2026-03-03 10:19:49,874   INFO  cfg.DATA_CONFIG.SET_NAN_VELOCITY_TO_ZEROS: True
2026-03-03 10:19:49,874   INFO  cfg.DATA_CONFIG.FILTER_MIN_POINTS_IN_GT: 1
2026-03-03 10:19:49,874   INFO  ----------- DATA_SPLIT -----------
2026-03-03 10:19:49,874   INFO  cfg.DATA_CONFIG.DATA_SPLIT.train: train
2026-03-03 10:19:49,874   INFO  cfg.DATA_CONFIG.DATA_SPLIT.test: val
2026-03-03 10:19:49,874   INFO  ----------- INFO_PATH -----------
2026-03-03 10:19:49,874   INFO  cfg.DATA_CONFIG.INFO_PATH.train: ['nuscenes_infos_10sweeps_train_withimg.pkl']
2026-03-03 10:19:49,874   INFO  cfg.DATA_CONFIG.INFO_PATH.test: ['nuscenes_infos_10sweeps_val_withimg.pkl']
2026-03-03 10:19:49,874   INFO  cfg.DATA_CONFIG.POINT_CLOUD_RANGE: [-54.0, -54.0, -5.0, 54.0, 54.0, 3.0]
2026-03-03 10:19:49,874   INFO  cfg.DATA_CONFIG.BALANCED_RESAMPLING: True
2026-03-03 10:19:49,874   INFO  ----------- DATA_AUGMENTOR -----------
2026-03-03 10:19:49,875   INFO  cfg.DATA_CONFIG.DATA_AUGMENTOR.DISABLE_AUG_LIST: ['placeholder']
2026-03-03 10:19:49,875   INFO  cfg.DATA_CONFIG.DATA_AUGMENTOR.AUG_CONFIG_LIST: [{'NAME': 'gt_sampling', 'IMG_AUG_TYPE': 'nuscenes', 'IMG_AUG_MIXUP': 0.7, 'DB_INFO_PATH': ['nuscenes_dbinfos_10sweeps_withvelo.pkl'], 'PREPARE': {'filter_by_min_points': ['car:5', 'truck:5', 'construction_vehicle:5', 'bus:5', 'trailer:5', 'barrier:5', 'motorcycle:5', 'bicycle:5', 'pedestrian:5', 'traffic_cone:5']}, 'USE_DEL': False, 'USE_SHARED_MEMORY': False, 'DB_DATA_PATH': ['nuscenes_10sweeps_withvelo_lidar.npy', 'nuscenes_10sweeps_withvelo_img.npy'], 'SAMPLE_GROUPS': ['car:2', 'truck:3', 'construction_vehicle:7', 'bus:4', 'trailer:6', 'barrier:2', 'motorcycle:6', 'bicycle:6', 'pedestrian:2', 'traffic_cone:2'], 'NUM_POINT_FEATURES': 5, 'DATABASE_WITH_FAKELIDAR': False, 'REMOVE_EXTRA_WIDTH': [0.0, 0.0, 0.0], 'LIMIT_WHOLE_SCENE': True, 'use_hf': False, 'fr_path': '/private_dataset/nuscenes_pcdet/v1.0-trainval/gt_database_10sweeps_withvelo', 'fr_num': 54899}, {'NAME': 'velocity_aug'}, {'NAME': 'random_world_flip', 'ALONG_AXIS_LIST': ['x', 'y']}, {'NAME': 'random_world_rotation', 'WORLD_ROT_ANGLE': [-0.78539816, 0.78539816]}, {'NAME': 'random_world_scaling', 'WORLD_SCALE_RANGE': [0.9, 1.1]}, {'NAME': 'random_world_translation', 'NOISE_TRANSLATE_STD': [0.5, 0.5, 0.5]}, {'NAME': 'imgaug', 'ROT_LIM': [-5.4, 5.4], 'RAND_FLIP': True}]
2026-03-03 10:19:49,875   INFO  ----------- POINT_FEATURE_ENCODING -----------
2026-03-03 10:19:49,875   INFO  cfg.DATA_CONFIG.POINT_FEATURE_ENCODING.encoding_type: absolute_coordinates_encoding
2026-03-03 10:19:49,875   INFO  cfg.DATA_CONFIG.POINT_FEATURE_ENCODING.used_feature_list: ['x', 'y', 'z', 'intensity', 'timestamp']
2026-03-03 10:19:49,875   INFO  cfg.DATA_CONFIG.POINT_FEATURE_ENCODING.src_feature_list: ['x', 'y', 'z', 'intensity', 'timestamp']
2026-03-03 10:19:49,875   INFO  cfg.DATA_CONFIG.DATA_PROCESSOR: [{'NAME': 'mask_points_and_boxes_outside_range', 'REMOVE_OUTSIDE_BOXES': True}, {'NAME': 'shuffle_points', 'SHUFFLE_ENABLED': {'train': True, 'test': True}}, {'NAME': 'transform_points_to_voxels_placeholder', 'VOXEL_SIZE': [0.3, 0.3, 0.25]}, {'NAME': 'image_calibrate'}, {'NAME': 'image_normalize', 'use_debug_img': True, 'mean': [0.485, 0.456, 0.406], 'std': [0.229, 0.224, 0.225]}]
2026-03-03 10:19:49,875   INFO  cfg.DATA_CONFIG._BASE_CONFIG_: cfgs/dataset_configs/nuscenes_dataset.yaml
2026-03-03 10:19:49,875   INFO  ----------- SAMPLED_INTERVAL -----------
2026-03-03 10:19:49,875   INFO  cfg.DATA_CONFIG.SAMPLED_INTERVAL.train: 1
2026-03-03 10:19:49,875   INFO  cfg.DATA_CONFIG.SAMPLED_INTERVAL.test: 1
2026-03-03 10:19:49,875   INFO  ----------- CAMERA_CONFIG -----------
2026-03-03 10:19:49,875   INFO  cfg.DATA_CONFIG.CAMERA_CONFIG.USE_CAMERA: True
2026-03-03 10:19:49,875   INFO  ----------- IMAGE -----------
2026-03-03 10:19:49,875   INFO  cfg.DATA_CONFIG.CAMERA_CONFIG.IMAGE.FINAL_DIM: [256, 704]
2026-03-03 10:19:49,875   INFO  cfg.DATA_CONFIG.CAMERA_CONFIG.IMAGE.RESIZE_LIM_TRAIN: [0.38, 0.55]
2026-03-03 10:19:49,875   INFO  cfg.DATA_CONFIG.CAMERA_CONFIG.IMAGE.RESIZE_LIM_TEST: [0.48, 0.48]
2026-03-03 10:19:49,875   INFO  ----------- MODEL -----------
2026-03-03 10:19:49,875   INFO  cfg.MODEL.NAME: MambaFusion
2026-03-03 10:19:49,875   INFO  cfg.MODEL.USE_VOXEL_MAMBA: True
2026-03-03 10:19:49,875   INFO  ----------- VFE -----------
2026-03-03 10:19:49,875   INFO  cfg.MODEL.VFE.NAME: DynamicVoxelVFE
2026-03-03 10:19:49,875   INFO  cfg.MODEL.VFE.RETURN_ABS_COORDS: True
2026-03-03 10:19:49,875   INFO  cfg.MODEL.VFE.WITH_DISTANCE: False
2026-03-03 10:19:49,875   INFO  cfg.MODEL.VFE.USE_ABSLOTE_XYZ: True
2026-03-03 10:19:49,875   INFO  cfg.MODEL.VFE.USE_NORM: True
2026-03-03 10:19:49,875   INFO  cfg.MODEL.VFE.NUM_FILTERS: [128, 128]
2026-03-03 10:19:49,875   INFO  ----------- BACKBONE_3D -----------
2026-03-03 10:19:49,875   INFO  cfg.MODEL.BACKBONE_3D.NAME: LION3DBackboneOneStride
2026-03-03 10:19:49,875   INFO  cfg.MODEL.BACKBONE_3D.USE_DOW5: True
2026-03-03 10:19:49,875   INFO  cfg.MODEL.BACKBONE_3D.RETURN_ABS_COORDS: True
2026-03-03 10:19:49,875   INFO  cfg.MODEL.BACKBONE_3D.FEATURE_DIM: 128
2026-03-03 10:19:49,875   INFO  cfg.MODEL.BACKBONE_3D.LAYER_DIM: [128, 128, 128, 128]
2026-03-03 10:19:49,875   INFO  cfg.MODEL.BACKBONE_3D.NUM_LAYERS: 4
2026-03-03 10:19:49,875   INFO  cfg.MODEL.BACKBONE_3D.DEPTHS: [2, 2, 2, 2]
2026-03-03 10:19:49,876   INFO  cfg.MODEL.BACKBONE_3D.LAYER_DOWN_SCALES: [[[2, 2, 2], [2, 2, 2]], [[2, 2, 2], [2, 2, 2]], [[2, 2, 2], [2, 2, 2]], [[2, 2, 2], [2, 2, 2]]]
2026-03-03 10:19:49,876   INFO  cfg.MODEL.BACKBONE_3D.WINDOW_SHAPE: [[13, 13, 32], [13, 13, 16], [13, 13, 8], [13, 13, 4]]
2026-03-03 10:19:49,876   INFO  cfg.MODEL.BACKBONE_3D.GROUP_SIZE: [4096, 2048, 1024, 512]
2026-03-03 10:19:49,876   INFO  cfg.MODEL.BACKBONE_3D.DIRECTION: ['x', 'y']
2026-03-03 10:19:49,876   INFO  cfg.MODEL.BACKBONE_3D.DIFF_SCALE: 0.2
2026-03-03 10:19:49,876   INFO  cfg.MODEL.BACKBONE_3D.DIFFUSION: True
2026-03-03 10:19:49,876   INFO  cfg.MODEL.BACKBONE_3D.SHIFT: True
2026-03-03 10:19:49,876   INFO  ----------- OPERATOR -----------
2026-03-03 10:19:49,876   INFO  cfg.MODEL.BACKBONE_3D.OPERATOR.NAME: Mamba
2026-03-03 10:19:49,876   INFO  ----------- CFG -----------
2026-03-03 10:19:49,876   INFO  cfg.MODEL.BACKBONE_3D.OPERATOR.CFG.d_state: 16
2026-03-03 10:19:49,876   INFO  cfg.MODEL.BACKBONE_3D.OPERATOR.CFG.d_conv: 4
2026-03-03 10:19:49,876   INFO  cfg.MODEL.BACKBONE_3D.OPERATOR.CFG.expand: 2
2026-03-03 10:19:49,876   INFO  cfg.MODEL.BACKBONE_3D.OPERATOR.CFG.drop_path: 0.2
2026-03-03 10:19:49,876   INFO  ----------- MM_BACKBONE -----------
2026-03-03 10:19:49,876   INFO  cfg.MODEL.MM_BACKBONE.NAME: MambaFusion
2026-03-03 10:19:49,876   INFO  cfg.MODEL.MM_BACKBONE.VIS_TAG: False
2026-03-03 10:19:49,876   INFO  cfg.MODEL.MM_BACKBONE.use_test_interval: 1
2026-03-03 10:19:49,876   INFO  cfg.MODEL.MM_BACKBONE.RETURN_ABS_COORDS: True
2026-03-03 10:19:49,876   INFO  cfg.MODEL.MM_BACKBONE.USE_WINMAMBA: True
2026-03-03 10:19:49,876   INFO  cfg.MODEL.MM_BACKBONE.USE_ALL_MAMBA: True
2026-03-03 10:19:49,876   INFO  cfg.MODEL.MM_BACKBONE.USE_MAMBA_INTER2: True
2026-03-03 10:19:49,876   INFO  cfg.MODEL.MM_BACKBONE.USE_VMAMBA_PRETRAIN: True
2026-03-03 10:19:49,876   INFO  cfg.MODEL.MM_BACKBONE.EMBED_TYPE: fixed
2026-03-03 10:19:49,876   INFO  ----------- PATCH_EMBED -----------
2026-03-03 10:19:49,876   INFO  cfg.MODEL.MM_BACKBONE.PATCH_EMBED.in_channels: 3
2026-03-03 10:19:49,876   INFO  cfg.MODEL.MM_BACKBONE.PATCH_EMBED.image_size: [256, 704]
2026-03-03 10:19:49,876   INFO  cfg.MODEL.MM_BACKBONE.PATCH_EMBED.embed_dims: 128
2026-03-03 10:19:49,876   INFO  cfg.MODEL.MM_BACKBONE.PATCH_EMBED.patch_size: 8
2026-03-03 10:19:49,876   INFO  cfg.MODEL.MM_BACKBONE.PATCH_EMBED.patch_norm: True
2026-03-03 10:19:49,876   INFO  ----------- norm_cfg -----------
2026-03-03 10:19:49,876   INFO  cfg.MODEL.MM_BACKBONE.PATCH_EMBED.norm_cfg.type: LN
2026-03-03 10:19:49,876   INFO  ----------- IMAGE_INPUT_LAYER -----------
2026-03-03 10:19:49,876   INFO  cfg.MODEL.MM_BACKBONE.IMAGE_INPUT_LAYER.sparse_shape: [32, 88, 1]
2026-03-03 10:19:49,876   INFO  cfg.MODEL.MM_BACKBONE.IMAGE_INPUT_LAYER.d_model: [128]
2026-03-03 10:19:49,876   INFO  cfg.MODEL.MM_BACKBONE.IMAGE_INPUT_LAYER.set_info: [[90, 2]]
2026-03-03 10:19:49,876   INFO  cfg.MODEL.MM_BACKBONE.IMAGE_INPUT_LAYER.window_shape: [[30, 30, 1]]
2026-03-03 10:19:49,876   INFO  cfg.MODEL.MM_BACKBONE.IMAGE_INPUT_LAYER.hybrid_factor: [1, 1, 1]
2026-03-03 10:19:49,877   INFO  cfg.MODEL.MM_BACKBONE.IMAGE_INPUT_LAYER.shifts_list: [[[0, 0, 0], [15, 15, 0]]]
2026-03-03 10:19:49,877   INFO  cfg.MODEL.MM_BACKBONE.IMAGE_INPUT_LAYER.input_image: True
2026-03-03 10:19:49,877   INFO  ----------- LIDAR_INPUT_LAYER -----------
2026-03-03 10:19:49,877   INFO  cfg.MODEL.MM_BACKBONE.LIDAR_INPUT_LAYER.sparse_shape: [360, 360, 1]
2026-03-03 10:19:49,877   INFO  cfg.MODEL.MM_BACKBONE.LIDAR_INPUT_LAYER.d_model: [128]
2026-03-03 10:19:49,877   INFO  cfg.MODEL.MM_BACKBONE.LIDAR_INPUT_LAYER.set_info: [[90, 2]]
2026-03-03 10:19:49,877   INFO  cfg.MODEL.MM_BACKBONE.LIDAR_INPUT_LAYER.window_shape: [[30, 30, 1]]
2026-03-03 10:19:49,877   INFO  cfg.MODEL.MM_BACKBONE.LIDAR_INPUT_LAYER.hybrid_factor: [1, 1, 1]
2026-03-03 10:19:49,877   INFO  cfg.MODEL.MM_BACKBONE.LIDAR_INPUT_LAYER.shifts_list: [[[0, 0, 0], [15, 15, 0]]]
2026-03-03 10:19:49,877   INFO  cfg.MODEL.MM_BACKBONE.set_info: [[90, 2]]
2026-03-03 10:19:49,877   INFO  cfg.MODEL.MM_BACKBONE.d_model: [128]
2026-03-03 10:19:49,877   INFO  cfg.MODEL.MM_BACKBONE.nhead: [8]
2026-03-03 10:19:49,877   INFO  cfg.MODEL.MM_BACKBONE.dim_feedforward: [256]
2026-03-03 10:19:49,877   INFO  cfg.MODEL.MM_BACKBONE.dropout: 0.0
2026-03-03 10:19:49,877   INFO  cfg.MODEL.MM_BACKBONE.activation: gelu
2026-03-03 10:19:49,877   INFO  cfg.MODEL.MM_BACKBONE.checkpoint_blocks: [0, 1]
2026-03-03 10:19:49,877   INFO  ----------- layer_cfg -----------
2026-03-03 10:19:49,877   INFO  cfg.MODEL.MM_BACKBONE.layer_cfg.use_bn: False
2026-03-03 10:19:49,877   INFO  cfg.MODEL.MM_BACKBONE.layer_cfg.split_ffn: True
2026-03-03 10:19:49,877   INFO  cfg.MODEL.MM_BACKBONE.layer_cfg.split_residual: True
2026-03-03 10:19:49,877   INFO  ----------- FUSE_BACKBONE -----------
2026-03-03 10:19:49,877   INFO  ----------- LIDAR2IMAGE -----------
2026-03-03 10:19:49,877   INFO  cfg.MODEL.MM_BACKBONE.FUSE_BACKBONE.LIDAR2IMAGE.block_start: 1
2026-03-03 10:19:49,877   INFO  cfg.MODEL.MM_BACKBONE.FUSE_BACKBONE.LIDAR2IMAGE.block_end: 2
2026-03-03 10:19:49,877   INFO  cfg.MODEL.MM_BACKBONE.FUSE_BACKBONE.LIDAR2IMAGE.point_cloud_range: [-54.0, -54.0, -5.0, 54.0, 54.0, 3.0]
2026-03-03 10:19:49,877   INFO  cfg.MODEL.MM_BACKBONE.FUSE_BACKBONE.LIDAR2IMAGE.voxel_size: [0.3, 0.3, 8.0]
2026-03-03 10:19:49,877   INFO  cfg.MODEL.MM_BACKBONE.FUSE_BACKBONE.LIDAR2IMAGE.sample_num: 1
2026-03-03 10:19:49,877   INFO  ----------- lidar2image_layer -----------
2026-03-03 10:19:49,877   INFO  cfg.MODEL.MM_BACKBONE.FUSE_BACKBONE.LIDAR2IMAGE.lidar2image_layer.sparse_shape: [96, 264, 6]
2026-03-03 10:19:49,877   INFO  cfg.MODEL.MM_BACKBONE.FUSE_BACKBONE.LIDAR2IMAGE.lidar2image_layer.d_model: [128]
2026-03-03 10:19:49,877   INFO  cfg.MODEL.MM_BACKBONE.FUSE_BACKBONE.LIDAR2IMAGE.lidar2image_layer.set_info: [[90, 1]]
2026-03-03 10:19:49,877   INFO  cfg.MODEL.MM_BACKBONE.FUSE_BACKBONE.LIDAR2IMAGE.lidar2image_layer.window_shape: [[30, 30, 1]]
2026-03-03 10:19:49,877   INFO  cfg.MODEL.MM_BACKBONE.FUSE_BACKBONE.LIDAR2IMAGE.lidar2image_layer.hybrid_factor: [1, 1, 1]
2026-03-03 10:19:49,877   INFO  cfg.MODEL.MM_BACKBONE.FUSE_BACKBONE.LIDAR2IMAGE.lidar2image_layer.shifts_list: [[[0, 0, 0], [15, 15, 0]]]
2026-03-03 10:19:49,877   INFO  cfg.MODEL.MM_BACKBONE.FUSE_BACKBONE.LIDAR2IMAGE.lidar2image_layer.expand_max_voxels: 30
2026-03-03 10:19:49,877   INFO  cfg.MODEL.MM_BACKBONE.out_indices: [0, 1]
2026-03-03 10:19:49,877   INFO  ----------- NECK -----------
2026-03-03 10:19:49,877   INFO  cfg.MODEL.NECK.NAME: GeneralizedLSSFPN
2026-03-03 10:19:49,878   INFO  cfg.MODEL.NECK.IN_CHANNELS: [128, 128]
2026-03-03 10:19:49,878   INFO  cfg.MODEL.NECK.OUT_CHANNELS: 256
2026-03-03 10:19:49,878   INFO  cfg.MODEL.NECK.START_LEVEL: 0
2026-03-03 10:19:49,878   INFO  cfg.MODEL.NECK.END_LEVEL: -1
2026-03-03 10:19:49,878   INFO  cfg.MODEL.NECK.NUM_OUTS: 4
2026-03-03 10:19:49,878   INFO  cfg.MODEL.NECK.USE_BIAS: True
2026-03-03 10:19:49,878   INFO  cfg.MODEL.NECK.ALIGN_CORNERS: True
2026-03-03 10:19:49,878   INFO  ----------- VTRANSFORM -----------
2026-03-03 10:19:49,878   INFO  cfg.MODEL.VTRANSFORM.NAME: LSSTransform_Lite
2026-03-03 10:19:49,878   INFO  cfg.MODEL.VTRANSFORM.USE_MAMBA: True
2026-03-03 10:19:49,878   INFO  cfg.MODEL.VTRANSFORM.MAMBA_DOWNSAMPLE_SCALE: 2
2026-03-03 10:19:49,878   INFO  cfg.MODEL.VTRANSFORM.IMAGE_SIZE: [256, 704]
2026-03-03 10:19:49,878   INFO  cfg.MODEL.VTRANSFORM.IN_CHANNEL: 256
2026-03-03 10:19:49,878   INFO  cfg.MODEL.VTRANSFORM.OUT_CHANNEL: 80
2026-03-03 10:19:49,878   INFO  cfg.MODEL.VTRANSFORM.FEATURE_SIZE: [32, 88]
2026-03-03 10:19:49,878   INFO  cfg.MODEL.VTRANSFORM.XBOUND: [-54.0, 54.0, 0.3]
2026-03-03 10:19:49,878   INFO  cfg.MODEL.VTRANSFORM.YBOUND: [-54.0, 54.0, 0.3]
2026-03-03 10:19:49,878   INFO  cfg.MODEL.VTRANSFORM.ZBOUND: [-10.0, 10.0, 20.0]
2026-03-03 10:19:49,878   INFO  cfg.MODEL.VTRANSFORM.DBOUND: [1.0, 60.0, 0.5]
2026-03-03 10:19:49,878   INFO  cfg.MODEL.VTRANSFORM.DOWNSAMPLE: 1
2026-03-03 10:19:49,878   INFO  ----------- FUSER -----------
2026-03-03 10:19:49,878   INFO  cfg.MODEL.FUSER.NAME: ConvFuser
2026-03-03 10:19:49,878   INFO  cfg.MODEL.FUSER.IN_CHANNEL: 208
2026-03-03 10:19:49,878   INFO  cfg.MODEL.FUSER.OUT_CHANNEL: 128
2026-03-03 10:19:49,878   INFO  cfg.MODEL.FUSER.USE_MODALITY_DROPOUT: False
2026-03-03 10:19:49,878   INFO  cfg.MODEL.FUSER.P_CAM: 0.1
2026-03-03 10:19:49,878   INFO  cfg.MODEL.FUSER.P_LIDAR: 0.05
2026-03-03 10:19:49,878   INFO  cfg.MODEL.FUSER.USE_GATED_FUSION: True
2026-03-03 10:19:49,878   INFO  cfg.MODEL.FUSER.USE_ALIGNMENT_PROXY: False
2026-03-03 10:19:49,878   INFO  cfg.MODEL.FUSER.ALIGNMENT_PROXY_MODE: none
2026-03-03 10:19:49,878   INFO  cfg.MODEL.FUSER.GATE_USE_MASK: True
2026-03-03 10:19:49,878   INFO  cfg.MODEL.FUSER.GATE_HIDDEN_DIM: 128
2026-03-03 10:19:49,878   INFO  cfg.MODEL.FUSER.GATE_PROJ_DIM: 64
2026-03-03 10:19:49,878   INFO  ----------- MAP_TO_BEV -----------
2026-03-03 10:19:49,878   INFO  cfg.MODEL.MAP_TO_BEV.NAME: PointPillarScatter3d
2026-03-03 10:19:49,878   INFO  cfg.MODEL.MAP_TO_BEV.INPUT_SHAPE: [360, 360, 1]
2026-03-03 10:19:49,878   INFO  cfg.MODEL.MAP_TO_BEV.NUM_BEV_FEATURES: 128
2026-03-03 10:19:49,878   INFO  ----------- BACKBONE_2D -----------
2026-03-03 10:19:49,879   INFO  cfg.MODEL.BACKBONE_2D.NAME: BaseBEVResBackbone
2026-03-03 10:19:49,879   INFO  cfg.MODEL.BACKBONE_2D.LAYER_NUMS: [1, 2, 2, 2]
2026-03-03 10:19:49,879   INFO  cfg.MODEL.BACKBONE_2D.LAYER_STRIDES: [1, 2, 2, 2]
2026-03-03 10:19:49,879   INFO  cfg.MODEL.BACKBONE_2D.NUM_FILTERS: [128, 128, 256, 256]
2026-03-03 10:19:49,879   INFO  cfg.MODEL.BACKBONE_2D.UPSAMPLE_STRIDES: [0.5, 1, 2, 4]
2026-03-03 10:19:49,879   INFO  cfg.MODEL.BACKBONE_2D.NUM_UPSAMPLE_FILTERS: [128, 128, 128, 128]
2026-03-03 10:19:49,879   INFO  ----------- DENSE_HEAD -----------
2026-03-03 10:19:49,879   INFO  cfg.MODEL.DENSE_HEAD.CLASS_AGNOSTIC: False
2026-03-03 10:19:49,879   INFO  cfg.MODEL.DENSE_HEAD.NAME: TransFusionHead
2026-03-03 10:19:49,879   INFO  cfg.MODEL.DENSE_HEAD.QUERY_RADIUS: 20
2026-03-03 10:19:49,879   INFO  cfg.MODEL.DENSE_HEAD.QUERY_LOCAL: True
2026-03-03 10:19:49,879   INFO  cfg.MODEL.DENSE_HEAD.USE_BIAS_BEFORE_NORM: True
2026-03-03 10:19:49,879   INFO  cfg.MODEL.DENSE_HEAD.NUM_PROPOSALS: 200
2026-03-03 10:19:49,879   INFO  cfg.MODEL.DENSE_HEAD.HIDDEN_CHANNEL: 128
2026-03-03 10:19:49,879   INFO  cfg.MODEL.DENSE_HEAD.NUM_CLASSES: 10
2026-03-03 10:19:49,879   INFO  cfg.MODEL.DENSE_HEAD.NUM_HEADS: 8
2026-03-03 10:19:49,879   INFO  cfg.MODEL.DENSE_HEAD.NMS_KERNEL_SIZE: 3
2026-03-03 10:19:49,879   INFO  cfg.MODEL.DENSE_HEAD.FFN_CHANNEL: 256
2026-03-03 10:19:49,879   INFO  cfg.MODEL.DENSE_HEAD.DROPOUT: 0.1
2026-03-03 10:19:49,879   INFO  cfg.MODEL.DENSE_HEAD.BN_MOMENTUM: 0.1
2026-03-03 10:19:49,879   INFO  cfg.MODEL.DENSE_HEAD.ACTIVATION: relu
2026-03-03 10:19:49,879   INFO  cfg.MODEL.DENSE_HEAD.NUM_HM_CONV: 2
2026-03-03 10:19:49,879   INFO  ----------- SEPARATE_HEAD_CFG -----------
2026-03-03 10:19:49,879   INFO  cfg.MODEL.DENSE_HEAD.SEPARATE_HEAD_CFG.HEAD_ORDER: ['center', 'height', 'dim', 'rot', 'vel', 'iou']
2026-03-03 10:19:49,879   INFO  ----------- HEAD_DICT -----------
2026-03-03 10:19:49,879   INFO  ----------- center -----------
2026-03-03 10:19:49,879   INFO  cfg.MODEL.DENSE_HEAD.SEPARATE_HEAD_CFG.HEAD_DICT.center.out_channels: 2
2026-03-03 10:19:49,879   INFO  cfg.MODEL.DENSE_HEAD.SEPARATE_HEAD_CFG.HEAD_DICT.center.num_conv: 2
2026-03-03 10:19:49,879   INFO  ----------- height -----------
2026-03-03 10:19:49,879   INFO  cfg.MODEL.DENSE_HEAD.SEPARATE_HEAD_CFG.HEAD_DICT.height.out_channels: 1
2026-03-03 10:19:49,879   INFO  cfg.MODEL.DENSE_HEAD.SEPARATE_HEAD_CFG.HEAD_DICT.height.num_conv: 2
2026-03-03 10:19:49,879   INFO  ----------- dim -----------
2026-03-03 10:19:49,879   INFO  cfg.MODEL.DENSE_HEAD.SEPARATE_HEAD_CFG.HEAD_DICT.dim.out_channels: 3
2026-03-03 10:19:49,879   INFO  cfg.MODEL.DENSE_HEAD.SEPARATE_HEAD_CFG.HEAD_DICT.dim.num_conv: 2
2026-03-03 10:19:49,879   INFO  ----------- rot -----------
2026-03-03 10:19:49,879   INFO  cfg.MODEL.DENSE_HEAD.SEPARATE_HEAD_CFG.HEAD_DICT.rot.out_channels: 2
2026-03-03 10:19:49,879   INFO  cfg.MODEL.DENSE_HEAD.SEPARATE_HEAD_CFG.HEAD_DICT.rot.num_conv: 2
2026-03-03 10:19:49,879   INFO  ----------- vel -----------
2026-03-03 10:19:49,879   INFO  cfg.MODEL.DENSE_HEAD.SEPARATE_HEAD_CFG.HEAD_DICT.vel.out_channels: 2
2026-03-03 10:19:49,879   INFO  cfg.MODEL.DENSE_HEAD.SEPARATE_HEAD_CFG.HEAD_DICT.vel.num_conv: 2
2026-03-03 10:19:49,880   INFO  ----------- iou -----------
2026-03-03 10:19:49,880   INFO  cfg.MODEL.DENSE_HEAD.SEPARATE_HEAD_CFG.HEAD_DICT.iou.out_channels: 1
2026-03-03 10:19:49,880   INFO  cfg.MODEL.DENSE_HEAD.SEPARATE_HEAD_CFG.HEAD_DICT.iou.num_conv: 2
2026-03-03 10:19:49,880   INFO  ----------- TARGET_ASSIGNER_CONFIG -----------
2026-03-03 10:19:49,880   INFO  cfg.MODEL.DENSE_HEAD.TARGET_ASSIGNER_CONFIG.FEATURE_MAP_STRIDE: 2
2026-03-03 10:19:49,880   INFO  cfg.MODEL.DENSE_HEAD.TARGET_ASSIGNER_CONFIG.DATASET: nuScenes
2026-03-03 10:19:49,880   INFO  cfg.MODEL.DENSE_HEAD.TARGET_ASSIGNER_CONFIG.GAUSSIAN_OVERLAP: 0.1
2026-03-03 10:19:49,880   INFO  cfg.MODEL.DENSE_HEAD.TARGET_ASSIGNER_CONFIG.MIN_RADIUS: 2
2026-03-03 10:19:49,880   INFO  ----------- HUNGARIAN_ASSIGNER -----------
2026-03-03 10:19:49,880   INFO  ----------- cls_cost -----------
2026-03-03 10:19:49,880   INFO  cfg.MODEL.DENSE_HEAD.TARGET_ASSIGNER_CONFIG.HUNGARIAN_ASSIGNER.cls_cost.gamma: 2.0
2026-03-03 10:19:49,880   INFO  cfg.MODEL.DENSE_HEAD.TARGET_ASSIGNER_CONFIG.HUNGARIAN_ASSIGNER.cls_cost.alpha: 0.25
2026-03-03 10:19:49,880   INFO  cfg.MODEL.DENSE_HEAD.TARGET_ASSIGNER_CONFIG.HUNGARIAN_ASSIGNER.cls_cost.weight: 0.15
2026-03-03 10:19:49,880   INFO  ----------- reg_cost -----------
2026-03-03 10:19:49,880   INFO  cfg.MODEL.DENSE_HEAD.TARGET_ASSIGNER_CONFIG.HUNGARIAN_ASSIGNER.reg_cost.weight: 0.25
2026-03-03 10:19:49,880   INFO  ----------- iou_cost -----------
2026-03-03 10:19:49,880   INFO  cfg.MODEL.DENSE_HEAD.TARGET_ASSIGNER_CONFIG.HUNGARIAN_ASSIGNER.iou_cost.weight: 0.25
2026-03-03 10:19:49,880   INFO  ----------- LOSS_CONFIG -----------
2026-03-03 10:19:49,880   INFO  ----------- LOSS_WEIGHTS -----------
2026-03-03 10:19:49,880   INFO  cfg.MODEL.DENSE_HEAD.LOSS_CONFIG.LOSS_WEIGHTS.cls_weight: 1.0
2026-03-03 10:19:49,880   INFO  cfg.MODEL.DENSE_HEAD.LOSS_CONFIG.LOSS_WEIGHTS.bbox_weight: 0.25
2026-03-03 10:19:49,880   INFO  cfg.MODEL.DENSE_HEAD.LOSS_CONFIG.LOSS_WEIGHTS.hm_weight: 1.0
2026-03-03 10:19:49,880   INFO  cfg.MODEL.DENSE_HEAD.LOSS_CONFIG.LOSS_WEIGHTS.iou_weight: 0.5
2026-03-03 10:19:49,880   INFO  cfg.MODEL.DENSE_HEAD.LOSS_CONFIG.LOSS_WEIGHTS.iou_reg_weight: 0.5
2026-03-03 10:19:49,880   INFO  cfg.MODEL.DENSE_HEAD.LOSS_CONFIG.LOSS_WEIGHTS.code_weights: [1.0, 1.0, 1.0, 1.0, 1.0, 1.0, 1.0, 1.0, 0.2, 0.2]
2026-03-03 10:19:49,880   INFO  ----------- LOSS_CLS -----------
2026-03-03 10:19:49,880   INFO  cfg.MODEL.DENSE_HEAD.LOSS_CONFIG.LOSS_CLS.use_sigmoid: True
2026-03-03 10:19:49,880   INFO  cfg.MODEL.DENSE_HEAD.LOSS_CONFIG.LOSS_CLS.gamma: 2.0
2026-03-03 10:19:49,880   INFO  cfg.MODEL.DENSE_HEAD.LOSS_CONFIG.LOSS_CLS.alpha: 0.25
2026-03-03 10:19:49,880   INFO  cfg.MODEL.DENSE_HEAD.LOSS_CONFIG.LOSS_IOU: True
2026-03-03 10:19:49,880   INFO  cfg.MODEL.DENSE_HEAD.LOSS_CONFIG.LOSS_IOU_REG: True
2026-03-03 10:19:49,880   INFO  ----------- POST_PROCESSING -----------
2026-03-03 10:19:49,880   INFO  cfg.MODEL.DENSE_HEAD.POST_PROCESSING.SCORE_THRESH: 0.0
2026-03-03 10:19:49,880   INFO  cfg.MODEL.DENSE_HEAD.POST_PROCESSING.POST_CENTER_RANGE: [-61.2, -61.2, -10.0, 61.2, 61.2, 10.0]
2026-03-03 10:19:49,880   INFO  cfg.MODEL.DENSE_HEAD.POST_PROCESSING.USE_IOU_TO_RECTIFY_SCORE: True
2026-03-03 10:19:49,880   INFO  cfg.MODEL.DENSE_HEAD.POST_PROCESSING.IOU_RECTIFIER: [0.5]
2026-03-03 10:19:49,880   INFO  ----------- NMS_CONFIG -----------
2026-03-03 10:19:49,880   INFO  cfg.MODEL.DENSE_HEAD.NMS_CONFIG.NMS_TYPE: nms_gpu
2026-03-03 10:19:49,881   INFO  cfg.MODEL.DENSE_HEAD.NMS_CONFIG.NMS_THRESH: 0.2
2026-03-03 10:19:49,881   INFO  cfg.MODEL.DENSE_HEAD.NMS_CONFIG.NMS_PRE_MAXSIZE: 1000
2026-03-03 10:19:49,881   INFO  cfg.MODEL.DENSE_HEAD.NMS_CONFIG.NMS_POST_MAXSIZE: 100
2026-03-03 10:19:49,881   INFO  cfg.MODEL.DENSE_HEAD.NMS_CONFIG.SCORE_THRES: 0.0
2026-03-03 10:19:49,881   INFO  ----------- POST_PROCESSING -----------
2026-03-03 10:19:49,881   INFO  cfg.MODEL.POST_PROCESSING.RECALL_THRESH_LIST: [0.3, 0.5, 0.7]
2026-03-03 10:19:49,881   INFO  cfg.MODEL.POST_PROCESSING.SCORE_THRESH: 0.1
2026-03-03 10:19:49,881   INFO  cfg.MODEL.POST_PROCESSING.OUTPUT_RAW_SCORE: False
2026-03-03 10:19:49,881   INFO  cfg.MODEL.POST_PROCESSING.EVAL_METRIC: kitti
2026-03-03 10:19:49,881   INFO  ----------- NMS_CONFIG -----------
2026-03-03 10:19:49,881   INFO  cfg.MODEL.POST_PROCESSING.NMS_CONFIG.MULTI_CLASSES_NMS: True
2026-03-03 10:19:49,881   INFO  cfg.MODEL.POST_PROCESSING.NMS_CONFIG.NMS_TYPE: nms_gpu
2026-03-03 10:19:49,881   INFO  cfg.MODEL.POST_PROCESSING.NMS_CONFIG.NMS_THRESH: 0.2
2026-03-03 10:19:49,881   INFO  cfg.MODEL.POST_PROCESSING.NMS_CONFIG.NMS_PRE_MAXSIZE: 1000
2026-03-03 10:19:49,881   INFO  cfg.MODEL.POST_PROCESSING.NMS_CONFIG.NMS_POST_MAXSIZE: 83
2026-03-03 10:19:49,881   INFO  ----------- OPTIMIZATION -----------
2026-03-03 10:19:49,881   INFO  cfg.OPTIMIZATION.BATCH_SIZE_PER_GPU: 3
2026-03-03 10:19:49,881   INFO  cfg.OPTIMIZATION.NUM_EPOCHS: 10
2026-03-03 10:19:49,881   INFO  cfg.OPTIMIZATION.ACCUMULATION_STEPS: 2
2026-03-03 10:19:49,881   INFO  cfg.OPTIMIZATION.OPTIMIZER: adam_onecycle_split
2026-03-03 10:19:49,881   INFO  cfg.OPTIMIZATION.LR: 0.0015
2026-03-03 10:19:49,881   INFO  cfg.OPTIMIZATION.WEIGHT_DECAY: 0.03
2026-03-03 10:19:49,881   INFO  cfg.OPTIMIZATION.MOMENTUM: 0.9
2026-03-03 10:19:49,881   INFO  cfg.OPTIMIZATION.MOMS: [0.95, 0.85]
2026-03-03 10:19:49,881   INFO  cfg.OPTIMIZATION.PCT_START: 0.4
2026-03-03 10:19:49,881   INFO  cfg.OPTIMIZATION.DIV_FACTOR: 10
2026-03-03 10:19:49,881   INFO  cfg.OPTIMIZATION.DECAY_STEP_LIST: [35, 45]
2026-03-03 10:19:49,881   INFO  cfg.OPTIMIZATION.LR_DECAY: 0.1
2026-03-03 10:19:49,881   INFO  cfg.OPTIMIZATION.LR_CLIP: 1e-07
2026-03-03 10:19:49,881   INFO  ----------- SPLIT_CFG -----------
2026-03-03 10:19:49,881   INFO  cfg.OPTIMIZATION.SPLIT_CFG.MODEL_NAME: ['MambaFusion.Backbone_VSSM']
2026-03-03 10:19:49,881   INFO  cfg.OPTIMIZATION.SPLIT_CFG.SCALE: [0.1, 1]
2026-03-03 10:19:49,881   INFO  cfg.OPTIMIZATION.LR_WARMUP: False
2026-03-03 10:19:49,881   INFO  cfg.OPTIMIZATION.WARMUP_EPOCH: 1
2026-03-03 10:19:49,881   INFO  cfg.OPTIMIZATION.GRAD_NORM_CLIP: 10
2026-03-03 10:19:49,881   INFO  cfg.OPTIMIZATION.LOSS_SCALE_FP16: 32
2026-03-03 10:19:49,881   INFO  ----------- HOOK -----------
2026-03-03 10:19:49,881   INFO  ----------- DisableAugmentationHook -----------
2026-03-03 10:19:49,881   INFO  cfg.HOOK.DisableAugmentationHook.DISABLE_AUG_LIST: ['gt_sampling']
2026-03-03 10:19:49,882   INFO  cfg.HOOK.DisableAugmentationHook.NUM_LAST_EPOCHS: 2
2026-03-03 10:19:49,882   INFO  cfg.TAG: mamba_fusion
2026-03-03 10:19:49,882   INFO  cfg.EXP_GROUP_PATH: mambafusion_models
2026-03-03 10:19:49,885   INFO  ----------- Create dataloader & network & optimizer -----------
2026-03-03 10:19:55,128   INFO  Database filter by min points car: 339949 => 294532
2026-03-03 10:19:55,138   INFO  Database filter by min points truck: 65262 => 60344
2026-03-03 10:19:55,140   INFO  Database filter by min points construction_vehicle: 11050 => 10589
2026-03-03 10:19:55,141   INFO  Database filter by min points bus: 12286 => 11619
2026-03-03 10:19:55,143   INFO  Database filter by min points trailer: 19202 => 17934
2026-03-03 10:19:55,154   INFO  Database filter by min points barrier: 107507 => 101993
2026-03-03 10:19:55,156   INFO  Database filter by min points motorcycle: 8846 => 8055
2026-03-03 10:19:55,157   INFO  Database filter by min points bicycle: 8185 => 7531
2026-03-03 10:19:55,173   INFO  Database filter by min points pedestrian: 161928 => 148520
2026-03-03 10:19:55,184   INFO  Database filter by min points traffic_cone: 62964 => 55504
2026-03-03 10:19:55,268   INFO  Loading NuScenes dataset
2026-03-03 10:19:59,053   INFO  Total samples for NuScenes dataset: 28130
2026-03-03 10:19:59,321   INFO  Total samples after balanced resampling: 123580
2026-03-03 10:20:04,694   INFO  ==> Loading parameters from checkpoint /root/autodl-tmp/MambaFusion-main/output/mambafusion_models/mamba_fusion/default/ckpt/latest_model.pth to CPU
2026-03-03 10:20:05,108   INFO  ==> Loading optimizer parameters from checkpoint /root/autodl-tmp/MambaFusion-main/output/mambafusion_models/mamba_fusion/default/ckpt/latest_model.pth to CPU
2026-03-03 10:20:05,193   INFO  ==> Done
2026-03-03 10:20:07,198   INFO  ----------- Model MambaFusion created, param count: 33615377 -----------
2026-03-03 10:20:07,198   INFO  DistributedDataParallel(
  (module): MambaFusion(
    (vfe): DynamicVoxelVFE(
      (pfn_layers): ModuleList(
        (0): PFNLayerV2(
          (linear): Linear(in_features=11, out_features=64, bias=False)
          (norm): SyncBatchNorm(64, eps=0.001, momentum=0.01, affine=True, track_running_stats=True)
          (relu): ReLU()
        )
        (1): PFNLayerV2(
          (linear): Linear(in_features=128, out_features=128, bias=False)
          (norm): SyncBatchNorm(128, eps=0.001, momentum=0.01, affine=True, track_running_stats=True)
          (relu): ReLU()
        )
      )
    )
    (backbone_3d): LION3DBackboneOneStride(
      (linear_1): LIONBlock(
        (encoder): ModuleList(
          (0-1): 2 x LIONLayer(
            (blocks): ModuleList(
              (0-1): 2 x Block2(
                (mamba): Mamba(
                  (in_proj): Linear(in_features=128, out_features=512, bias=False)
                  (conv1d): Conv1d(256, 256, kernel_size=(4,), stride=(1,), padding=(3,), groups=256)
                  (act): SiLU()
                  (x_proj): Linear(in_features=256, out_features=40, bias=False)
                  (dt_proj): Linear(in_features=8, out_features=256, bias=True)
                  (out_proj): Linear(in_features=256, out_features=128, bias=False)
                )
                (norm): LayerNorm((128,), eps=1e-05, elementwise_affine=True)
                (drop_path): timm.DropPath(0.2)
              )
            )
            (window_partition): FlattenedWindowMapping()
          )
        )
        (downsample_list): ModuleList(
          (0-1): 2 x PatchMerging3D(
            (sub_conv): SparseSequential(
              (0): SubMConv3d(128, 128, kernel_size=[3, 3, 3], stride=[1, 1, 1], padding=[0, 0, 0], dilation=[1, 1, 1], output_padding=[0, 0, 0], bias=False, algo=ConvAlgo.MaskImplicitGemm)
              (1): LayerNorm((128,), eps=1e-05, elementwise_affine=True)
              (2): GELU(approximate='none')
            )
            (norm): LayerNorm((128,), eps=1e-05, elementwise_affine=True)
            (sigmoid): Sigmoid()
          )
        )
        (pos_emb_list): ModuleList(
          (0-1): 2 x PositionEmbeddingLearned(
            (position_embedding_head): Sequential(
              (0): Linear(in_features=3, out_features=128, bias=True)
              (1): SyncBatchNorm(128, eps=1e-05, momentum=0.1, affine=True, track_running_stats=True)
              (2): ReLU(inplace=True)
              (3): Linear(in_features=128, out_features=128, bias=True)
            )
          )
        )
        (decoder): ModuleList(
          (0-1): 2 x LIONLayer(
            (blocks): ModuleList(
              (0-1): 2 x Block2(
                (mamba): Mamba(
                  (in_proj): Linear(in_features=128, out_features=512, bias=False)
                  (conv1d): Conv1d(256, 256, kernel_size=(4,), stride=(1,), padding=(3,), groups=256)
                  (act): SiLU()
                  (x_proj): Linear(in_features=256, out_features=40, bias=False)
                  (dt_proj): Linear(in_features=8, out_features=256, bias=True)
                  (out_proj): Linear(in_features=256, out_features=128, bias=False)
                )
                (norm): LayerNorm((128,), eps=1e-05, elementwise_affine=True)
                (drop_path): timm.DropPath(0.2)
              )
            )
            (window_partition): FlattenedWindowMapping()
          )
        )
        (decoder_norm): ModuleList(
          (0-1): 2 x LayerNorm((128,), eps=1e-05, elementwise_affine=True)
        )
        (upsample_list): ModuleList(
          (0-1): 2 x PatchExpanding3D()
        )
      )
      (dow1): PatchMerging3D(
        (sub_conv): SparseSequential(
          (0): SubMConv3d(128, 128, kernel_size=[3, 3, 3], stride=[1, 1, 1], padding=[0, 0, 0], dilation=[1, 1, 1], output_padding=[0, 0, 0], bias=False, algo=ConvAlgo.MaskImplicitGemm)
          (1): LayerNorm((128,), eps=1e-05, elementwise_affine=True)
          (2): GELU(approximate='none')
        )
        (norm): LayerNorm((128,), eps=1e-05, elementwise_affine=True)
        (sigmoid): Sigmoid()
      )
      (linear_2): LIONBlock(
        (encoder): ModuleList(
          (0-1): 2 x LIONLayer(
            (blocks): ModuleList(
              (0-1): 2 x Block2(
                (mamba): Mamba(
                  (in_proj): Linear(in_features=128, out_features=512, bias=False)
                  (conv1d): Conv1d(256, 256, kernel_size=(4,), stride=(1,), padding=(3,), groups=256)
                  (act): SiLU()
                  (x_proj): Linear(in_features=256, out_features=40, bias=False)
                  (dt_proj): Linear(in_features=8, out_features=256, bias=True)
                  (out_proj): Linear(in_features=256, out_features=128, bias=False)
                )
                (norm): LayerNorm((128,), eps=1e-05, elementwise_affine=True)
                (drop_path): timm.DropPath(0.2)
              )
            )
            (window_partition): FlattenedWindowMapping()
          )
        )
        (downsample_list): ModuleList(
          (0-1): 2 x PatchMerging3D(
            (sub_conv): SparseSequential(
              (0): SubMConv3d(128, 128, kernel_size=[3, 3, 3], stride=[1, 1, 1], padding=[0, 0, 0], dilation=[1, 1, 1], output_padding=[0, 0, 0], bias=False, algo=ConvAlgo.MaskImplicitGemm)
              (1): LayerNorm((128,), eps=1e-05, elementwise_affine=True)
              (2): GELU(approximate='none')
            )
            (norm): LayerNorm((128,), eps=1e-05, elementwise_affine=True)
            (sigmoid): Sigmoid()
          )
        )
        (pos_emb_list): ModuleList(
          (0-1): 2 x PositionEmbeddingLearned(
            (position_embedding_head): Sequential(
              (0): Linear(in_features=3, out_features=128, bias=True)
              (1): SyncBatchNorm(128, eps=1e-05, momentum=0.1, affine=True, track_running_stats=True)
              (2): ReLU(inplace=True)
              (3): Linear(in_features=128, out_features=128, bias=True)
            )
          )
        )
        (decoder): ModuleList(
          (0-1): 2 x LIONLayer(
            (blocks): ModuleList(
              (0-1): 2 x Block2(
                (mamba): Mamba(
                  (in_proj): Linear(in_features=128, out_features=512, bias=False)
                  (conv1d): Conv1d(256, 256, kernel_size=(4,), stride=(1,), padding=(3,), groups=256)
                  (act): SiLU()
                  (x_proj): Linear(in_features=256, out_features=40, bias=False)
                  (dt_proj): Linear(in_features=8, out_features=256, bias=True)
                  (out_proj): Linear(in_features=256, out_features=128, bias=False)
                )
                (norm): LayerNorm((128,), eps=1e-05, elementwise_affine=True)
                (drop_path): timm.DropPath(0.2)
              )
            )
            (window_partition): FlattenedWindowMapping()
          )
        )
        (decoder_norm): ModuleList(
          (0-1): 2 x LayerNorm((128,), eps=1e-05, elementwise_affine=True)
        )
        (upsample_list): ModuleList(
          (0-1): 2 x PatchExpanding3D()
        )
      )
      (dow2): PatchMerging3D(
        (sub_conv): SparseSequential(
          (0): SubMConv3d(128, 128, kernel_size=[3, 3, 3], stride=[1, 1, 1], padding=[0, 0, 0], dilation=[1, 1, 1], output_padding=[0, 0, 0], bias=False, algo=ConvAlgo.MaskImplicitGemm)
          (1): LayerNorm((128,), eps=1e-05, elementwise_affine=True)
          (2): GELU(approximate='none')
        )
        (norm): LayerNorm((128,), eps=1e-05, elementwise_affine=True)
        (sigmoid): Sigmoid()
      )
      (linear_3): LIONBlock(
        (encoder): ModuleList(
          (0-1): 2 x LIONLayer(
            (blocks): ModuleList(
              (0-1): 2 x Block2(
                (mamba): Mamba(
                  (in_proj): Linear(in_features=128, out_features=512, bias=False)
                  (conv1d): Conv1d(256, 256, kernel_size=(4,), stride=(1,), padding=(3,), groups=256)
                  (act): SiLU()
                  (x_proj): Linear(in_features=256, out_features=40, bias=False)
                  (dt_proj): Linear(in_features=8, out_features=256, bias=True)
                  (out_proj): Linear(in_features=256, out_features=128, bias=False)
                )
                (norm): LayerNorm((128,), eps=1e-05, elementwise_affine=True)
                (drop_path): timm.DropPath(0.2)
              )
            )
            (window_partition): FlattenedWindowMapping()
          )
        )
        (downsample_list): ModuleList(
          (0-1): 2 x PatchMerging3D(
            (sub_conv): SparseSequential(
              (0): SubMConv3d(128, 128, kernel_size=[3, 3, 3], stride=[1, 1, 1], padding=[0, 0, 0], dilation=[1, 1, 1], output_padding=[0, 0, 0], bias=False, algo=ConvAlgo.MaskImplicitGemm)
              (1): LayerNorm((128,), eps=1e-05, elementwise_affine=True)
              (2): GELU(approximate='none')
            )
            (norm): LayerNorm((128,), eps=1e-05, elementwise_affine=True)
            (sigmoid): Sigmoid()
          )
        )
        (pos_emb_list): ModuleList(
          (0-1): 2 x PositionEmbeddingLearned(
            (position_embedding_head): Sequential(
              (0): Linear(in_features=3, out_features=128, bias=True)
              (1): SyncBatchNorm(128, eps=1e-05, momentum=0.1, affine=True, track_running_stats=True)
              (2): ReLU(inplace=True)
              (3): Linear(in_features=128, out_features=128, bias=True)
            )
          )
        )
        (decoder): ModuleList(
          (0-1): 2 x LIONLayer(
            (blocks): ModuleList(
              (0-1): 2 x Block2(
                (mamba): Mamba(
                  (in_proj): Linear(in_features=128, out_features=512, bias=False)
                  (conv1d): Conv1d(256, 256, kernel_size=(4,), stride=(1,), padding=(3,), groups=256)
                  (act): SiLU()
                  (x_proj): Linear(in_features=256, out_features=40, bias=False)
                  (dt_proj): Linear(in_features=8, out_features=256, bias=True)
                  (out_proj): Linear(in_features=256, out_features=128, bias=False)
                )
                (norm): LayerNorm((128,), eps=1e-05, elementwise_affine=True)
                (drop_path): timm.DropPath(0.2)
              )
            )
            (window_partition): FlattenedWindowMapping()
          )
        )
        (decoder_norm): ModuleList(
          (0-1): 2 x LayerNorm((128,), eps=1e-05, elementwise_affine=True)
        )
        (upsample_list): ModuleList(
          (0-1): 2 x PatchExpanding3D()
        )
      )
      (dow3): PatchMerging3D(
        (sub_conv): SparseSequential(
          (0): SubMConv3d(128, 128, kernel_size=[3, 3, 3], stride=[1, 1, 1], padding=[0, 0, 0], dilation=[1, 1, 1], output_padding=[0, 0, 0], bias=False, algo=ConvAlgo.MaskImplicitGemm)
          (1): LayerNorm((128,), eps=1e-05, elementwise_affine=True)
          (2): GELU(approximate='none')
        )
        (norm): LayerNorm((128,), eps=1e-05, elementwise_affine=True)
        (sigmoid): Sigmoid()
      )
      (linear_4): LIONBlock(
        (encoder): ModuleList(
          (0-1): 2 x LIONLayer(
            (blocks): ModuleList(
              (0-1): 2 x Block2(
                (mamba): Mamba(
                  (in_proj): Linear(in_features=128, out_features=512, bias=False)
                  (conv1d): Conv1d(256, 256, kernel_size=(4,), stride=(1,), padding=(3,), groups=256)
                  (act): SiLU()
                  (x_proj): Linear(in_features=256, out_features=40, bias=False)
                  (dt_proj): Linear(in_features=8, out_features=256, bias=True)
                  (out_proj): Linear(in_features=256, out_features=128, bias=False)
                )
                (norm): LayerNorm((128,), eps=1e-05, elementwise_affine=True)
                (drop_path): timm.DropPath(0.2)
              )
            )
            (window_partition): FlattenedWindowMapping()
          )
        )
        (downsample_list): ModuleList(
          (0-1): 2 x PatchMerging3D(
            (sub_conv): SparseSequential(
              (0): SubMConv3d(128, 128, kernel_size=[3, 3, 3], stride=[1, 1, 1], padding=[0, 0, 0], dilation=[1, 1, 1], output_padding=[0, 0, 0], bias=False, algo=ConvAlgo.MaskImplicitGemm)
              (1): LayerNorm((128,), eps=1e-05, elementwise_affine=True)
              (2): GELU(approximate='none')
            )
            (norm): LayerNorm((128,), eps=1e-05, elementwise_affine=True)
            (sigmoid): Sigmoid()
          )
        )
        (pos_emb_list): ModuleList(
          (0-1): 2 x PositionEmbeddingLearned(
            (position_embedding_head): Sequential(
              (0): Linear(in_features=3, out_features=128, bias=True)
              (1): SyncBatchNorm(128, eps=1e-05, momentum=0.1, affine=True, track_running_stats=True)
              (2): ReLU(inplace=True)
              (3): Linear(in_features=128, out_features=128, bias=True)
            )
          )
        )
        (decoder): ModuleList(
          (0-1): 2 x LIONLayer(
            (blocks): ModuleList(
              (0-1): 2 x Block2(
                (mamba): Mamba(
                  (in_proj): Linear(in_features=128, out_features=512, bias=False)
                  (conv1d): Conv1d(256, 256, kernel_size=(4,), stride=(1,), padding=(3,), groups=256)
                  (act): SiLU()
                  (x_proj): Linear(in_features=256, out_features=40, bias=False)
                  (dt_proj): Linear(in_features=8, out_features=256, bias=True)
                  (out_proj): Linear(in_features=256, out_features=128, bias=False)
                )
                (norm): LayerNorm((128,), eps=1e-05, elementwise_affine=True)
                (drop_path): timm.DropPath(0.2)
              )
            )
            (window_partition): FlattenedWindowMapping()
          )
        )
        (decoder_norm): ModuleList(
          (0-1): 2 x LayerNorm((128,), eps=1e-05, elementwise_affine=True)
        )
        (upsample_list): ModuleList(
          (0-1): 2 x PatchExpanding3D()
        )
      )
      (dow4): PatchMerging3D(
        (sub_conv): SparseSequential(
          (0): SubMConv3d(128, 128, kernel_size=[3, 3, 3], stride=[1, 1, 1], padding=[0, 0, 0], dilation=[1, 1, 1], output_padding=[0, 0, 0], bias=False, algo=ConvAlgo.MaskImplicitGemm)
          (1): LayerNorm((128,), eps=1e-05, elementwise_affine=True)
          (2): GELU(approximate='none')
        )
        (norm): LayerNorm((128,), eps=1e-05, elementwise_affine=True)
        (sigmoid): Sigmoid()
      )
      (linear_out): LIONLayer(
        (blocks): ModuleList(
          (0-1): 2 x Block2(
            (mamba): Mamba(
              (in_proj): Linear(in_features=128, out_features=512, bias=False)
              (conv1d): Conv1d(256, 256, kernel_size=(4,), stride=(1,), padding=(3,), groups=256)
              (act): SiLU()
              (x_proj): Linear(in_features=256, out_features=40, bias=False)
              (dt_proj): Linear(in_features=8, out_features=256, bias=True)
              (out_proj): Linear(in_features=256, out_features=128, bias=False)
            )
            (norm): LayerNorm((128,), eps=1e-05, elementwise_affine=True)
            (drop_path): timm.DropPath(0.2)
          )
        )
        (window_partition): FlattenedWindowMapping()
      )
      (dow5): PatchMerging3D(
        (sub_conv): SparseSequential(
          (0): SubMConv3d(128, 128, kernel_size=[3, 3, 3], stride=[1, 1, 1], padding=[0, 0, 0], dilation=[1, 1, 1], output_padding=[0, 0, 0], bias=False, algo=ConvAlgo.MaskImplicitGemm)
          (1): LayerNorm((128,), eps=1e-05, elementwise_affine=True)
          (2): GELU(approximate='none')
        )
        (norm): LayerNorm((128,), eps=1e-05, elementwise_affine=True)
        (sigmoid): Sigmoid()
      )
    )
    (mm_backbone): MambaFusion(
      (backbone_vssm): Backbone_VSSM(
        (patch_embed): Sequential(
          (0): Conv2d(3, 64, kernel_size=(3, 3), stride=(2, 2), padding=(1, 1))
          (1): Identity()
          (2): LayerNorm2d((64,), eps=1e-05, elementwise_affine=True)
          (3): Identity()
          (4): GELU(approximate='none')
          (5): Conv2d(64, 128, kernel_size=(3, 3), stride=(2, 2), padding=(1, 1))
          (6): Identity()
          (7): LayerNorm2d((128,), eps=1e-05, elementwise_affine=True)
        )
        (layers): ModuleList(
          (0): Sequential(
            (blocks): Sequential(
              (0): VSSBlock(
                (norm): LayerNorm2d((128,), eps=1e-05, elementwise_affine=True)
                (op): SS2D(
                  (out_norm): LayerNorm2d((256,), eps=1e-05, elementwise_affine=True)
                  (in_proj): Linear2d(in_features=128, out_features=256, bias=False)
                  (act): SiLU()
                  (conv2d): Conv2d(256, 256, kernel_size=(3, 3), stride=(1, 1), padding=(1, 1), groups=256, bias=False)
                  (out_act): Identity()
                  (out_proj): Linear2d(in_features=256, out_features=128, bias=False)
                  (dropout): Identity()
                )
                (drop_path): timm.DropPath(0.0)
                (norm2): LayerNorm2d((128,), eps=1e-05, elementwise_affine=True)
                (mlp): Mlp(
                  (fc1): Linear2d(in_features=128, out_features=512, bias=True)
                  (act): GELU(approximate='none')
                  (fc2): Linear2d(in_features=512, out_features=128, bias=True)
                  (drop): Dropout(p=0.0, inplace=False)
                )
              )
              (1): VSSBlock(
                (norm): LayerNorm2d((128,), eps=1e-05, elementwise_affine=True)
                (op): SS2D(
                  (out_norm): LayerNorm2d((256,), eps=1e-05, elementwise_affine=True)
                  (in_proj): Linear2d(in_features=128, out_features=256, bias=False)
                  (act): SiLU()
                  (conv2d): Conv2d(256, 256, kernel_size=(3, 3), stride=(1, 1), padding=(1, 1), groups=256, bias=False)
                  (out_act): Identity()
                  (out_proj): Linear2d(in_features=256, out_features=128, bias=False)
                  (dropout): Identity()
                )
                (drop_path): timm.DropPath(0.06666667014360428)
                (norm2): LayerNorm2d((128,), eps=1e-05, elementwise_affine=True)
                (mlp): Mlp(
                  (fc1): Linear2d(in_features=128, out_features=512, bias=True)
                  (act): GELU(approximate='none')
                  (fc2): Linear2d(in_features=512, out_features=128, bias=True)
                  (drop): Dropout(p=0.0, inplace=False)
                )
              )
            )
            (downsample): Sequential(
              (0): Identity()
              (1): Conv2d(128, 256, kernel_size=(3, 3), stride=(2, 2), padding=(1, 1))
              (2): Identity()
              (3): LayerNorm2d((256,), eps=1e-05, elementwise_affine=True)
            )
          )
          (1): Sequential(
            (blocks): Sequential(
              (0): VSSBlock(
                (norm): LayerNorm2d((256,), eps=1e-05, elementwise_affine=True)
                (op): SS2D(
                  (out_norm): LayerNorm2d((512,), eps=1e-05, elementwise_affine=True)
                  (in_proj): Linear2d(in_features=256, out_features=512, bias=False)
                  (act): SiLU()
                  (conv2d): Conv2d(512, 512, kernel_size=(3, 3), stride=(1, 1), padding=(1, 1), groups=512, bias=False)
                  (out_act): Identity()
                  (out_proj): Linear2d(in_features=512, out_features=256, bias=False)
                  (dropout): Identity()
                )
                (drop_path): timm.DropPath(0.13333332538604736)
                (norm2): LayerNorm2d((256,), eps=1e-05, elementwise_affine=True)
                (mlp): Mlp(
                  (fc1): Linear2d(in_features=256, out_features=1024, bias=True)
                  (act): GELU(approximate='none')
                  (fc2): Linear2d(in_features=1024, out_features=256, bias=True)
                  (drop): Dropout(p=0.0, inplace=False)
                )
              )
              (1): VSSBlock(
                (norm): LayerNorm2d((256,), eps=1e-05, elementwise_affine=True)
                (op): SS2D(
                  (out_norm): LayerNorm2d((512,), eps=1e-05, elementwise_affine=True)
                  (in_proj): Linear2d(in_features=256, out_features=512, bias=False)
                  (act): SiLU()
                  (conv2d): Conv2d(512, 512, kernel_size=(3, 3), stride=(1, 1), padding=(1, 1), groups=512, bias=False)
                  (out_act): Identity()
                  (out_proj): Linear2d(in_features=512, out_features=256, bias=False)
                  (dropout): Identity()
                )
                (drop_path): timm.DropPath(0.20000000298023224)
                (norm2): LayerNorm2d((256,), eps=1e-05, elementwise_affine=True)
                (mlp): Mlp(
                  (fc1): Linear2d(in_features=256, out_features=1024, bias=True)
                  (act): GELU(approximate='none')
                  (fc2): Linear2d(in_features=1024, out_features=256, bias=True)
                  (drop): Dropout(p=0.0, inplace=False)
                )
              )
            )
            (downsample): Identity()
          )
        )
        (outnorm1): LayerNorm2d((256,), eps=1e-05, elementwise_affine=True)
      )
      (vssm_down_block): Conv2d(256, 128, kernel_size=(1, 1), stride=(1, 1))
      (image_input_layer): UniTRInputLayer(
        (posembed_layers): ModuleList(
          (0): ModuleList(
            (0-1): 2 x Identity()
          )
        )
      )
      (lidar_input_layer): UniTRInputLayer(
        (posembed_layers): ModuleList(
          (0): ModuleList(
            (0-1): 2 x Identity()
          )
        )
      )
      (out_norm0): LayerNorm((128,), eps=1e-05, elementwise_affine=True)
      (out_norm1): LayerNorm((128,), eps=1e-05, elementwise_affine=True)
      (map_lidar2image_layer): MapLidar2Image()
      (pos_embed_inter2): ModuleList(
        (0): Sequential(
          (0): Linear(in_features=9, out_features=128, bias=True)
          (1): SyncBatchNorm(128, eps=1e-05, momentum=0.1, affine=True, track_running_stats=True)
          (2): ReLU(inplace=True)
          (3): Linear(in_features=128, out_features=128, bias=True)
        )
      )
      (multi_scale_norm_list): ModuleList()
      (pos_embed_intra): Sequential(
        (0): Linear(in_features=9, out_features=128, bias=True)
        (1): SyncBatchNorm(128, eps=1e-05, momentum=0.1, affine=True, track_running_stats=True)
        (2): ReLU(inplace=True)
        (3): Linear(in_features=128, out_features=128, bias=True)
      )
      (stage_0): ModuleList(
        (0-1): 2 x ModuleList(
          (0): LocalMamba(
            (encoder): ModuleList(
              (0-1): 2 x LocalMambaLayer(
                (blocks): ModuleList(
                  (0-1): 2 x Block2(
                    (mamba): Mamba(
                      (in_proj): Linear(in_features=128, out_features=512, bias=False)
                      (conv1d): Conv1d(256, 256, kernel_size=(4,), stride=(1,), padding=(3,), groups=256)
                      (act): SiLU()
                      (x_proj): Linear(in_features=256, out_features=40, bias=False)
                      (dt_proj): Linear(in_features=8, out_features=256, bias=True)
                      (out_proj): Linear(in_features=256, out_features=128, bias=False)
                    )
                    (norm): LayerNorm((128,), eps=1e-05, elementwise_affine=True)
                    (drop_path): timm.DropPath(0.2)
                  )
                )
                (window_partition): FlattenedWindowMapping()
              )
            )
            (downsample_list): ModuleList(
              (0-1): 2 x PatchMerging3D(
                (sub_conv): SparseSequential(
                  (0): SubMConv3d(128, 128, kernel_size=[3, 3, 3], stride=[1, 1, 1], padding=[0, 0, 0], dilation=[1, 1, 1], output_padding=[0, 0, 0], bias=False, algo=ConvAlgo.MaskImplicitGemm)
                  (1): LayerNorm((128,), eps=1e-05, elementwise_affine=True)
                  (2): GELU(approximate='none')
                )
                (norm): LayerNorm((128,), eps=1e-05, elementwise_affine=True)
                (sigmoid): Sigmoid()
              )
            )
            (pos_emb_list): ModuleList(
              (0-1): 2 x PositionEmbeddingLearned(
                (position_embedding_head): Sequential(
                  (0): Linear(in_features=2, out_features=128, bias=True)
                  (1): SyncBatchNorm(128, eps=1e-05, momentum=0.1, affine=True, track_running_stats=True)
                  (2): ReLU(inplace=True)
                  (3): Linear(in_features=128, out_features=128, bias=True)
                )
              )
            )
            (decoder): ModuleList(
              (0-1): 2 x LocalMambaLayer(
                (blocks): ModuleList(
                  (0-1): 2 x Block2(
                    (mamba): Mamba(
                      (in_proj): Linear(in_features=128, out_features=512, bias=False)
                      (conv1d): Conv1d(256, 256, kernel_size=(4,), stride=(1,), padding=(3,), groups=256)
                      (act): SiLU()
                      (x_proj): Linear(in_features=256, out_features=40, bias=False)
                      (dt_proj): Linear(in_features=8, out_features=256, bias=True)
                      (out_proj): Linear(in_features=256, out_features=128, bias=False)
                    )
                    (norm): LayerNorm((128,), eps=1e-05, elementwise_affine=True)
                    (drop_path): timm.DropPath(0.2)
                  )
                )
                (window_partition): FlattenedWindowMapping()
              )
            )
            (decoder_norm): ModuleList(
              (0-1): 2 x LayerNorm((128,), eps=1e-05, elementwise_affine=True)
            )
            (upsample_list): ModuleList(
              (0-1): 2 x PatchExpanding3D()
            )
          )
          (1): GlobalMamba(
            (mamba_encoder_list): ModuleList(
              (0-1): 2 x Block(
                (norm): RMSNorm()
                (mixer): Mamba(
                  (in_proj): Linear(in_features=128, out_features=512, bias=False)
                  (conv1d): Conv1d(256, 256, kernel_size=(4,), stride=(1,), padding=(3,), groups=256)
                  (act): SiLU()
                  (x_proj): Linear(in_features=256, out_features=40, bias=False)
                  (dt_proj): Linear(in_features=8, out_features=256, bias=True)
                  (out_proj): Linear(in_features=256, out_features=128, bias=False)
                )
              )
            )
            (conv_encoder): ModuleList(
              (0): DownSp(
                (blocks): SparseSequential(
                  (0): Identity()
                )
              )
              (1): DownSp(
                (blocks): SparseSequential(
                  (0): SparseSequential(
                    (0): SparseConv3d(128, 128, kernel_size=[3, 3, 3], stride=[2, 2, 2], padding=[1, 1, 1], dilation=[1, 1, 1], output_padding=[0, 0, 0], bias=False, algo=ConvAlgo.MaskImplicitGemm)
                    (1): SyncBatchNorm(128, eps=0.001, momentum=0.01, affine=True, track_running_stats=True)
                    (2): ReLU()
                  )
                  (1): Sparse1ConvBlock(
                    (conv1): SubMConv3d(128, 128, kernel_size=[3, 3, 3], stride=[1, 1, 1], padding=[1, 1, 1], dilation=[1, 1, 1], output_padding=[0, 0, 0], algo=ConvAlgo.MaskImplicitGemm)
                    (bn1): SyncBatchNorm(128, eps=0.001, momentum=0.01, affine=True, track_running_stats=True)
                    (relu): ReLU()
                  )
                )
              )
            )
            (conv_decoder): ModuleList(
              (0): SparseSequential(
                (0): SparseInverseConv3d(128, 128, kernel_size=[3, 3, 3], stride=[1, 1, 1], padding=[0, 0, 0], dilation=[1, 1, 1], output_padding=[0, 0, 0], bias=False, algo=ConvAlgo.MaskImplicitGemm)
                (1): SyncBatchNorm(128, eps=0.001, momentum=0.01, affine=True, track_running_stats=True)
                (2): ReLU()
              )
            )
            (conv_decoder_norm): ModuleList(
              (0): SyncBatchNorm(128, eps=0.001, momentum=0.01, affine=True, track_running_stats=True)
            )
            (norm): LayerNorm((128,), eps=1e-05, elementwise_affine=True)
            (norm_back): LayerNorm((128,), eps=1e-05, elementwise_affine=True)
          )
        )
      )
      (residual_norm_stage_0): ModuleList(
        (0-1): 2 x LayerNorm((128,), eps=1e-05, elementwise_affine=True)
      )
      (lidar_residual_norm_stage_0): ModuleList(
        (0-1): 2 x LayerNorm((128,), eps=1e-05, elementwise_affine=True)
      )
    )
    (neck): GeneralizedLSSFPN(
      (lateral_convs): ModuleList(
        (0): BasicBlock2D(
          (conv): Conv2d(256, 256, kernel_size=(1, 1), stride=(1, 1))
          (bn): SyncBatchNorm(256, eps=1e-05, momentum=0.1, affine=True, track_running_stats=True)
          (relu): ReLU(inplace=True)
        )
      )
      (fpn_convs): ModuleList(
        (0): BasicBlock2D(
          (conv): Conv2d(256, 256, kernel_size=(3, 3), stride=(1, 1), padding=(1, 1))
          (bn): SyncBatchNorm(256, eps=1e-05, momentum=0.1, affine=True, track_running_stats=True)
          (relu): ReLU(inplace=True)
        )
      )
    )
    (vtransform): LSSTransform_Lite(
      (mamba_layernorm): LayerNorm((80,), eps=1e-05, elementwise_affine=True)
      (mamba_layernorm2): LayerNorm((128,), eps=1e-05, elementwise_affine=True)
      (mamba_blocks): ModuleList(
        (0): GlobalMamba(
          (mamba_encoder_list): ModuleList(
            (0-1): 2 x Block(
              (norm): RMSNorm()
              (mixer): Mamba(
                (in_proj): Linear(in_features=128, out_features=512, bias=False)
                (conv1d): Conv1d(256, 256, kernel_size=(4,), stride=(1,), padding=(3,), groups=256)
                (act): SiLU()
                (x_proj): Linear(in_features=256, out_features=40, bias=False)
                (dt_proj): Linear(in_features=8, out_features=256, bias=True)
                (out_proj): Linear(in_features=256, out_features=128, bias=False)
              )
            )
          )
          (conv_encoder): ModuleList(
            (0): DownSp(
              (blocks): SparseSequential(
                (0): Identity()
              )
            )
            (1): DownSp(
              (blocks): SparseSequential(
                (0): SparseSequential(
                  (0): SparseConv3d(128, 128, kernel_size=[3, 3, 3], stride=[2, 2, 2], padding=[1, 1, 1], dilation=[1, 1, 1], output_padding=[0, 0, 0], bias=False, algo=ConvAlgo.MaskImplicitGemm)
                  (1): SyncBatchNorm(128, eps=0.001, momentum=0.01, affine=True, track_running_stats=True)
                  (2): ReLU()
                )
                (1): Sparse1ConvBlock(
                  (conv1): SubMConv3d(128, 128, kernel_size=[3, 3, 3], stride=[1, 1, 1], padding=[1, 1, 1], dilation=[1, 1, 1], output_padding=[0, 0, 0], algo=ConvAlgo.MaskImplicitGemm)
                  (bn1): SyncBatchNorm(128, eps=0.001, momentum=0.01, affine=True, track_running_stats=True)
                  (relu): ReLU()
                )
              )
            )
          )
          (conv_decoder): ModuleList(
            (0): SparseSequential(
              (0): SparseInverseConv3d(128, 128, kernel_size=[3, 3, 3], stride=[1, 1, 1], padding=[0, 0, 0], dilation=[1, 1, 1], output_padding=[0, 0, 0], bias=False, algo=ConvAlgo.MaskImplicitGemm)
              (1): SyncBatchNorm(128, eps=0.001, momentum=0.01, affine=True, track_running_stats=True)
              (2): ReLU()
            )
          )
          (conv_decoder_norm): ModuleList(
            (0): SyncBatchNorm(128, eps=0.001, momentum=0.01, affine=True, track_running_stats=True)
          )
          (norm): LayerNorm((128,), eps=1e-05, elementwise_affine=True)
          (norm_back): LayerNorm((128,), eps=1e-05, elementwise_affine=True)
        )
      )
      (sub_dim): Sequential(
        (0): Conv2d(128, 80, kernel_size=(3, 3), stride=(1, 1), padding=(1, 1), bias=False)
        (1): SyncBatchNorm(80, eps=1e-05, momentum=0.1, affine=True, track_running_stats=True)
        (2): ReLU()
        (3): ConvTranspose2d(80, 80, kernel_size=(3, 3), stride=(2, 2), padding=(1, 1), output_padding=(1, 1), bias=False)
        (4): SyncBatchNorm(80, eps=1e-05, momentum=0.1, affine=True, track_running_stats=True)
        (5): ReLU()
      )
      (pos_embed_inter): Sequential(
        (0): Linear(in_features=9, out_features=128, bias=True)
        (1): SyncBatchNorm(128, eps=1e-05, momentum=0.1, affine=True, track_running_stats=True)
        (2): ReLU(inplace=True)
        (3): Linear(in_features=128, out_features=128, bias=True)
      )
      (mamba_downsample): Sequential(
        (0): Conv2d(80, 128, kernel_size=(3, 3), stride=(1, 1), padding=(1, 1), bias=False)
        (1): SyncBatchNorm(128, eps=1e-05, momentum=0.1, affine=True, track_running_stats=True)
        (2): ReLU(inplace=True)
        (3): Conv2d(128, 128, kernel_size=(3, 3), stride=(2, 2), padding=(1, 1), bias=False)
        (4): SyncBatchNorm(128, eps=1e-05, momentum=0.1, affine=True, track_running_stats=True)
        (5): ReLU(inplace=True)
        (6): Conv2d(128, 128, kernel_size=(3, 3), stride=(1, 1), padding=(1, 1), bias=False)
        (7): SyncBatchNorm(128, eps=1e-05, momentum=0.1, affine=True, track_running_stats=True)
        (8): ReLU(inplace=True)
      )
      (depthnet): Conv2d(256, 198, kernel_size=(1, 1), stride=(1, 1))
      (downsample): Identity()
    )
    (map_to_bev_module): PointPillarScatter3d()
    (fuser): ConvFuser(
      (conv): Sequential(
        (0): Conv2d(208, 128, kernel_size=(3, 3), stride=(1, 1), padding=(1, 1), bias=False)
        (1): SyncBatchNorm(128, eps=1e-05, momentum=0.1, affine=True, track_running_stats=True)
        (2): ReLU(inplace=True)
      )
      (modality_dropout): ModalityDropout()
      (sparse_spatial_gate): SparseMoESpatialGate(
        (router): Sequential(
          (0): LazyLinear(in_features=0, out_features=128, bias=True)
          (1): SiLU(inplace=True)
          (2): Linear(in_features=128, out_features=3, bias=True)
        )
      )
    )
    (backbone_2d): BaseBEVResBackbone(
      (blocks): ModuleList(
        (0): Sequential(
          (0): BasicBlock(
            (conv1): Conv2d(128, 128, kernel_size=(3, 3), stride=(1, 1), padding=(1, 1), bias=False)
            (bn1): SyncBatchNorm(128, eps=0.001, momentum=0.01, affine=True, track_running_stats=True)
            (relu1): ReLU()
            (conv2): Conv2d(128, 128, kernel_size=(3, 3), stride=(1, 1), padding=(1, 1), bias=False)
            (bn2): SyncBatchNorm(128, eps=0.001, momentum=0.01, affine=True, track_running_stats=True)
            (relu2): ReLU()
            (downsample_layer): Sequential(
              (0): Conv2d(128, 128, kernel_size=(1, 1), stride=(1, 1), bias=False)
              (1): SyncBatchNorm(128, eps=0.001, momentum=0.01, affine=True, track_running_stats=True)
            )
          )
          (1): BasicBlock(
            (conv1): Conv2d(128, 128, kernel_size=(3, 3), stride=(1, 1), padding=(1, 1), bias=False)
            (bn1): SyncBatchNorm(128, eps=0.001, momentum=0.01, affine=True, track_running_stats=True)
            (relu1): ReLU()
            (conv2): Conv2d(128, 128, kernel_size=(3, 3), stride=(1, 1), padding=(1, 1), bias=False)
            (bn2): SyncBatchNorm(128, eps=0.001, momentum=0.01, affine=True, track_running_stats=True)
            (relu2): ReLU()
          )
        )
        (1): Sequential(
          (0): BasicBlock(
            (conv1): Conv2d(128, 128, kernel_size=(3, 3), stride=(2, 2), padding=(1, 1), bias=False)
            (bn1): SyncBatchNorm(128, eps=0.001, momentum=0.01, affine=True, track_running_stats=True)
            (relu1): ReLU()
            (conv2): Conv2d(128, 128, kernel_size=(3, 3), stride=(1, 1), padding=(1, 1), bias=False)
            (bn2): SyncBatchNorm(128, eps=0.001, momentum=0.01, affine=True, track_running_stats=True)
            (relu2): ReLU()
            (downsample_layer): Sequential(
              (0): Conv2d(128, 128, kernel_size=(1, 1), stride=(2, 2), bias=False)
              (1): SyncBatchNorm(128, eps=0.001, momentum=0.01, affine=True, track_running_stats=True)
            )
          )
          (1): BasicBlock(
            (conv1): Conv2d(128, 128, kernel_size=(3, 3), stride=(1, 1), padding=(1, 1), bias=False)
            (bn1): SyncBatchNorm(128, eps=0.001, momentum=0.01, affine=True, track_running_stats=True)
            (relu1): ReLU()
            (conv2): Conv2d(128, 128, kernel_size=(3, 3), stride=(1, 1), padding=(1, 1), bias=False)
            (bn2): SyncBatchNorm(128, eps=0.001, momentum=0.01, affine=True, track_running_stats=True)
            (relu2): ReLU()
          )
          (2): BasicBlock(
            (conv1): Conv2d(128, 128, kernel_size=(3, 3), stride=(1, 1), padding=(1, 1), bias=False)
            (bn1): SyncBatchNorm(128, eps=0.001, momentum=0.01, affine=True, track_running_stats=True)
            (relu1): ReLU()
            (conv2): Conv2d(128, 128, kernel_size=(3, 3), stride=(1, 1), padding=(1, 1), bias=False)
            (bn2): SyncBatchNorm(128, eps=0.001, momentum=0.01, affine=True, track_running_stats=True)
            (relu2): ReLU()
          )
        )
        (2): Sequential(
          (0): BasicBlock(
            (conv1): Conv2d(128, 256, kernel_size=(3, 3), stride=(2, 2), padding=(1, 1), bias=False)
            (bn1): SyncBatchNorm(256, eps=0.001, momentum=0.01, affine=True, track_running_stats=True)
            (relu1): ReLU()
            (conv2): Conv2d(256, 256, kernel_size=(3, 3), stride=(1, 1), padding=(1, 1), bias=False)
            (bn2): SyncBatchNorm(256, eps=0.001, momentum=0.01, affine=True, track_running_stats=True)
            (relu2): ReLU()
            (downsample_layer): Sequential(
              (0): Conv2d(128, 256, kernel_size=(1, 1), stride=(2, 2), bias=False)
              (1): SyncBatchNorm(256, eps=0.001, momentum=0.01, affine=True, track_running_stats=True)
            )
          )
          (1): BasicBlock(
            (conv1): Conv2d(256, 256, kernel_size=(3, 3), stride=(1, 1), padding=(1, 1), bias=False)
            (bn1): SyncBatchNorm(256, eps=0.001, momentum=0.01, affine=True, track_running_stats=True)
            (relu1): ReLU()
            (conv2): Conv2d(256, 256, kernel_size=(3, 3), stride=(1, 1), padding=(1, 1), bias=False)
            (bn2): SyncBatchNorm(256, eps=0.001, momentum=0.01, affine=True, track_running_stats=True)
            (relu2): ReLU()
          )
          (2): BasicBlock(
            (conv1): Conv2d(256, 256, kernel_size=(3, 3), stride=(1, 1), padding=(1, 1), bias=False)
            (bn1): SyncBatchNorm(256, eps=0.001, momentum=0.01, affine=True, track_running_stats=True)
            (relu1): ReLU()
            (conv2): Conv2d(256, 256, kernel_size=(3, 3), stride=(1, 1), padding=(1, 1), bias=False)
            (bn2): SyncBatchNorm(256, eps=0.001, momentum=0.01, affine=True, track_running_stats=True)
            (relu2): ReLU()
          )
        )
        (3): Sequential(
          (0): BasicBlock(
            (conv1): Conv2d(256, 256, kernel_size=(3, 3), stride=(2, 2), padding=(1, 1), bias=False)
            (bn1): SyncBatchNorm(256, eps=0.001, momentum=0.01, affine=True, track_running_stats=True)
            (relu1): ReLU()
            (conv2): Conv2d(256, 256, kernel_size=(3, 3), stride=(1, 1), padding=(1, 1), bias=False)
            (bn2): SyncBatchNorm(256, eps=0.001, momentum=0.01, affine=True, track_running_stats=True)
            (relu2): ReLU()
            (downsample_layer): Sequential(
              (0): Conv2d(256, 256, kernel_size=(1, 1), stride=(2, 2), bias=False)
              (1): SyncBatchNorm(256, eps=0.001, momentum=0.01, affine=True, track_running_stats=True)
            )
          )
          (1): BasicBlock(
            (conv1): Conv2d(256, 256, kernel_size=(3, 3), stride=(1, 1), padding=(1, 1), bias=False)
            (bn1): SyncBatchNorm(256, eps=0.001, momentum=0.01, affine=True, track_running_stats=True)
            (relu1): ReLU()
            (conv2): Conv2d(256, 256, kernel_size=(3, 3), stride=(1, 1), padding=(1, 1), bias=False)
            (bn2): SyncBatchNorm(256, eps=0.001, momentum=0.01, affine=True, track_running_stats=True)
            (relu2): ReLU()
          )
          (2): BasicBlock(
            (conv1): Conv2d(256, 256, kernel_size=(3, 3), stride=(1, 1), padding=(1, 1), bias=False)
            (bn1): SyncBatchNorm(256, eps=0.001, momentum=0.01, affine=True, track_running_stats=True)
            (relu1): ReLU()
            (conv2): Conv2d(256, 256, kernel_size=(3, 3), stride=(1, 1), padding=(1, 1), bias=False)
            (bn2): SyncBatchNorm(256, eps=0.001, momentum=0.01, affine=True, track_running_stats=True)
            (relu2): ReLU()
          )
        )
      )
      (deblocks): ModuleList(
        (0): Sequential(
          (0): Conv2d(128, 128, kernel_size=(2, 2), stride=(2, 2), bias=False)
          (1): SyncBatchNorm(128, eps=0.001, momentum=0.01, affine=True, track_running_stats=True)
          (2): ReLU()
        )
        (1): Sequential(
          (0): ConvTranspose2d(128, 128, kernel_size=(1, 1), stride=(1, 1), bias=False)
          (1): SyncBatchNorm(128, eps=0.001, momentum=0.01, affine=True, track_running_stats=True)
          (2): ReLU()
        )
        (2): Sequential(
          (0): ConvTranspose2d(256, 128, kernel_size=(2, 2), stride=(2, 2), bias=False)
          (1): SyncBatchNorm(128, eps=0.001, momentum=0.01, affine=True, track_running_stats=True)
          (2): ReLU()
        )
        (3): Sequential(
          (0): ConvTranspose2d(256, 128, kernel_size=(4, 4), stride=(4, 4), bias=False)
          (1): SyncBatchNorm(128, eps=0.001, momentum=0.01, affine=True, track_running_stats=True)
          (2): ReLU()
        )
      )
    )
    (dense_head): TransFusionHead(
      (loss_cls): SigmoidFocalClassificationLoss()
      (loss_bbox): L1Loss()
      (loss_heatmap): GaussianFocalLoss()
      (shared_conv): Conv2d(512, 128, kernel_size=(3, 3), stride=(1, 1), padding=(1, 1))
      (heatmap_head): Sequential(
        (0): BasicBlock2D(
          (conv): Conv2d(128, 128, kernel_size=(3, 3), stride=(1, 1), padding=(1, 1))
          (bn): SyncBatchNorm(128, eps=1e-05, momentum=0.1, affine=True, track_running_stats=True)
          (relu): ReLU(inplace=True)
        )
        (1): Conv2d(128, 10, kernel_size=(3, 3), stride=(1, 1), padding=(1, 1))
      )
      (class_encoding): Conv1d(10, 128, kernel_size=(1,), stride=(1,))
      (decoder): TransformerDecoderLayer(
        (self_attn): MultiheadAttention(
          (out_proj): NonDynamicallyQuantizableLinear(in_features=128, out_features=128, bias=True)
        )
        (multihead_attn): MultiheadAttention(
          (out_proj): NonDynamicallyQuantizableLinear(in_features=128, out_features=128, bias=True)
        )
        (linear1): Linear(in_features=128, out_features=256, bias=True)
        (dropout): Dropout(p=0.1, inplace=False)
        (linear2): Linear(in_features=256, out_features=128, bias=True)
        (norm1): LayerNorm((128,), eps=1e-05, elementwise_affine=True)
        (norm2): LayerNorm((128,), eps=1e-05, elementwise_affine=True)
        (norm3): LayerNorm((128,), eps=1e-05, elementwise_affine=True)
        (dropout1): Dropout(p=0.1, inplace=False)
        (dropout2): Dropout(p=0.1, inplace=False)
        (dropout3): Dropout(p=0.1, inplace=False)
        (self_posembed): PositionEmbeddingLearned(
          (position_embedding_head): Sequential(
            (0): Conv1d(2, 128, kernel_size=(1,), stride=(1,))
            (1): SyncBatchNorm(128, eps=1e-05, momentum=0.1, affine=True, track_running_stats=True)
            (2): ReLU(inplace=True)
            (3): Conv1d(128, 128, kernel_size=(1,), stride=(1,))
          )
        )
        (cross_posembed): PositionEmbeddingLearned(
          (position_embedding_head): Sequential(
            (0): Conv1d(2, 128, kernel_size=(1,), stride=(1,))
            (1): SyncBatchNorm(128, eps=1e-05, momentum=0.1, affine=True, track_running_stats=True)
            (2): ReLU(inplace=True)
            (3): Conv1d(128, 128, kernel_size=(1,), stride=(1,))
          )
        )
      )
      (prediction_head): SeparateHead_Transfusion(
        (center): Sequential(
          (0): Sequential(
            (0): Conv1d(128, 64, kernel_size=(1,), stride=(1,))
            (1): SyncBatchNorm(64, eps=1e-05, momentum=0.1, affine=True, track_running_stats=True)
            (2): ReLU()
          )
          (1): Conv1d(64, 2, kernel_size=(1,), stride=(1,))
        )
        (height): Sequential(
          (0): Sequential(
            (0): Conv1d(128, 64, kernel_size=(1,), stride=(1,))
            (1): SyncBatchNorm(64, eps=1e-05, momentum=0.1, affine=True, track_running_stats=True)
            (2): ReLU()
          )
          (1): Conv1d(64, 1, kernel_size=(1,), stride=(1,))
        )
        (dim): Sequential(
          (0): Sequential(
            (0): Conv1d(128, 64, kernel_size=(1,), stride=(1,))
            (1): SyncBatchNorm(64, eps=1e-05, momentum=0.1, affine=True, track_running_stats=True)
            (2): ReLU()
          )
          (1): Conv1d(64, 3, kernel_size=(1,), stride=(1,))
        )
        (rot): Sequential(
          (0): Sequential(
            (0): Conv1d(128, 64, kernel_size=(1,), stride=(1,))
            (1): SyncBatchNorm(64, eps=1e-05, momentum=0.1, affine=True, track_running_stats=True)
            (2): ReLU()
          )
          (1): Conv1d(64, 2, kernel_size=(1,), stride=(1,))
        )
        (vel): Sequential(
          (0): Sequential(
            (0): Conv1d(128, 64, kernel_size=(1,), stride=(1,))
            (1): SyncBatchNorm(64, eps=1e-05, momentum=0.1, affine=True, track_running_stats=True)
            (2): ReLU()
          )
          (1): Conv1d(64, 2, kernel_size=(1,), stride=(1,))
        )
        (iou): Sequential(
          (0): Sequential(
            (0): Conv1d(128, 64, kernel_size=(1,), stride=(1,))
            (1): SyncBatchNorm(64, eps=1e-05, momentum=0.1, affine=True, track_running_stats=True)
            (2): ReLU()
          )
          (1): Conv1d(64, 1, kernel_size=(1,), stride=(1,))
        )
        (heatmap): Sequential(
          (0): Sequential(
            (0): Conv1d(128, 64, kernel_size=(1,), stride=(1,))
            (1): SyncBatchNorm(64, eps=1e-05, momentum=0.1, affine=True, track_running_stats=True)
            (2): ReLU()
          )
          (1): Conv1d(64, 10, kernel_size=(1,), stride=(1,))
        )
      )
    )
  )
)
2026-03-03 10:20:07,227   INFO  **********************Start training mambafusion_models/mamba_fusion(default)**********************
2026-03-03 10:21:13,907   INFO  Train:    5/10 ( 50%) [7591/10299 ( 74%)]  Loss: 2.317 (2.32)  loss_hm=0.7002, loss_cls=0.1333, loss_bbox=1.1593, matched_ious=0.4818, loss_iou=0.0853, loss_iou_reg=0.2389, d_time=4.73(4.73), f_time=61.01(61.01), b_time=65.75(65.75)  LR: 1.445e-03  Time cost: 01:05/49:28:37 [01:06/990:19:41]  Acc_iter 48788       Data time: 4.73(4.73)  Forward time: 61.01(61.01)  Batch time: 65.75(65.75)
2026-03-03 10:25:11,408   INFO  Save latest model to /root/autodl-tmp/MambaFusion-main/output/mambafusion_models/mamba_fusion/default/ckpt/latest_model
2026-03-03 10:28:20,387   INFO  Train:    5/10 ( 50%) [7803/10299 ( 76%)]  Loss: 1.696 (2.15)  loss_hm=0.7053, loss_cls=0.0944, loss_bbox=1.0287, matched_ious=0.4935, loss_iou=0.0948, loss_iou_reg=0.2300, d_time=0.00(0.03), f_time=2.00(2.28), b_time=2.01(2.31)  LR: 1.442e-03  Time cost: 08:12/1:36:08 [08:13/34:39:36]  Acc_iter 49000       Data time: 0.00(0.03)  Forward time: 2.00(2.28)  Batch time: 2.01(2.31)
2026-03-03 10:30:10,041   INFO  Save latest model to /root/autodl-tmp/MambaFusion-main/output/mambafusion_models/mamba_fusion/default/ckpt/latest_model
2026-03-03 10:35:09,571   INFO  Save latest model to /root/autodl-tmp/MambaFusion-main/output/mambafusion_models/mamba_fusion/default/ckpt/latest_model
2026-03-03 10:40:10,763   INFO  Save latest model to /root/autodl-tmp/MambaFusion-main/output/mambafusion_models/mamba_fusion/default/ckpt/latest_model
2026-03-03 10:45:10,727   INFO  Save latest model to /root/autodl-tmp/MambaFusion-main/output/mambafusion_models/mamba_fusion/default/ckpt/latest_model
2026-03-03 10:50:09,595   INFO  Save latest model to /root/autodl-tmp/MambaFusion-main/output/mambafusion_models/mamba_fusion/default/ckpt/latest_model
2026-03-03 10:55:10,182   INFO  Save latest model to /root/autodl-tmp/MambaFusion-main/output/mambafusion_models/mamba_fusion/default/ckpt/latest_model
2026-03-03 11:00:09,325   INFO  Save latest model to /root/autodl-tmp/MambaFusion-main/output/mambafusion_models/mamba_fusion/default/ckpt/latest_model
2026-03-03 11:01:35,621   INFO  Train:    5/10 ( 50%) [8803/10299 ( 85%)]  Loss: 2.001 (2.12)  loss_hm=0.6914, loss_cls=0.0910, loss_bbox=1.0024, matched_ious=0.4994, loss_iou=0.0945, loss_iou_reg=0.2286, d_time=0.00(0.02), f_time=2.03(2.03), b_time=2.04(2.05)  LR: 1.426e-03  Time cost: 41:27/51:07 [41:28/30:11:08]  Acc_iter 50000       Data time: 0.00(0.02)  Forward time: 2.03(2.03)  Batch time: 2.04(2.05)
2026-03-03 11:05:09,445   INFO  Save latest model to /root/autodl-tmp/MambaFusion-main/output/mambafusion_models/mamba_fusion/default/ckpt/latest_model
2026-03-03 11:10:09,341   INFO  Save latest model to /root/autodl-tmp/MambaFusion-main/output/mambafusion_models/mamba_fusion/default/ckpt/latest_model
2026-03-03 11:15:10,582   INFO  Save latest model to /root/autodl-tmp/MambaFusion-main/output/mambafusion_models/mamba_fusion/default/ckpt/latest_model
2026-03-03 11:20:09,781   INFO  Save latest model to /root/autodl-tmp/MambaFusion-main/output/mambafusion_models/mamba_fusion/default/ckpt/latest_model
2026-03-03 11:25:09,324   INFO  Save latest model to /root/autodl-tmp/MambaFusion-main/output/mambafusion_models/mamba_fusion/default/ckpt/latest_model
2026-03-03 11:30:10,595   INFO  Save latest model to /root/autodl-tmp/MambaFusion-main/output/mambafusion_models/mamba_fusion/default/ckpt/latest_model
2026-03-03 11:34:54,075   INFO  Train:    5/10 ( 50%) [9803/10299 ( 95%)]  Loss: 1.985 (2.08)  loss_hm=0.6737, loss_cls=0.0904, loss_bbox=0.9494, matched_ious=0.5046, loss_iou=0.0945, loss_iou_reg=0.2278, d_time=0.00(0.01), f_time=1.97(2.01), b_time=1.97(2.03)  LR: 1.409e-03  Time cost: 1:14:45/16:45 [1:14:46/29:16:30]  Acc_iter 51000       Data time: 0.00(0.01)  Forward time: 1.97(2.01)  Batch time: 1.97(2.03)
2026-03-03 11:34:54,317   INFO  
2026-03-03 11:35:10,866   INFO  Save latest model to /root/autodl-tmp/MambaFusion-main/output/mambafusion_models/mamba_fusion/default/ckpt/latest_model
2026-03-03 11:40:08,999   INFO  Save latest model to /root/autodl-tmp/MambaFusion-main/output/mambafusion_models/mamba_fusion/default/ckpt/latest_model
2026-03-03 11:45:09,930   INFO  Save latest model to /root/autodl-tmp/MambaFusion-main/output/mambafusion_models/mamba_fusion/default/ckpt/latest_model
2026-03-03 11:50:10,124   INFO  Save latest model to /root/autodl-tmp/MambaFusion-main/output/mambafusion_models/mamba_fusion/default/ckpt/latest_model
2026-03-03 11:51:22,448   INFO  Train:    5/10 ( 50%) [10298/10299 (100%)]  Loss: 2.272 (2.10)  loss_hm=0.7100, loss_cls=0.0917, loss_bbox=1.0436, matched_ious=0.4994, loss_iou=0.0944, loss_iou_reg=0.2279, d_time=0.00(0.01), f_time=1.90(2.01), b_time=1.91(2.02)  LR: 1.400e-03  Time cost: 1:31:14/00:02 [1:31:15/28:55:00]  Acc_iter 51495       Data time: 0.00(0.01)  Forward time: 1.90(2.01)  Batch time: 1.91(2.02)
2026-03-03 11:51:30,110   INFO  Train:    6/10 ( 60%) [   0/10299 (  0%)]  Loss: 2.752 (2.75)  loss_hm=0.7692, loss_cls=0.0860, loss_bbox=1.5732, matched_ious=0.4854, loss_iou=0.1035, loss_iou_reg=0.2205, d_time=3.50(3.50), f_time=3.04(3.04), b_time=6.54(6.54)  LR: 1.400e-03  Time cost: 00:05/16:51:20 [1:31:22/84:16:43]  Acc_iter 51496       Data time: 3.50(3.50)  Forward time: 3.04(3.04)  Batch time: 6.54(6.54)
2026-03-03 11:56:25,651   INFO  Save latest model to /root/autodl-tmp/MambaFusion-main/output/mambafusion_models/mamba_fusion/default/ckpt/latest_model
2026-03-03 12:01:26,462   INFO  Save latest model to /root/autodl-tmp/MambaFusion-main/output/mambafusion_models/mamba_fusion/default/ckpt/latest_model
2026-03-03 12:06:26,528   INFO  Save latest model to /root/autodl-tmp/MambaFusion-main/output/mambafusion_models/mamba_fusion/default/ckpt/latest_model
2026-03-03 12:08:05,868   INFO  Train:    6/10 ( 60%) [ 504/10299 (  5%)]  Loss: 1.737 (2.15)  loss_hm=0.7050, loss_cls=0.0909, loss_bbox=1.0359, matched_ious=0.5002, loss_iou=0.0945, loss_iou_reg=0.2270, d_time=0.01(0.02), f_time=1.82(1.96), b_time=1.82(1.98)  LR: 1.390e-03  Time cost: 16:41/5:23:48 [1:47:58/28:05:38]  Acc_iter 52000       Data time: 0.01(0.02)  Forward time: 1.82(1.96)  Batch time: 1.82(1.98)
2026-03-03 12:11:26,614   INFO  Save latest model to /root/autodl-tmp/MambaFusion-main/output/mambafusion_models/mamba_fusion/default/ckpt/latest_model
2026-03-03 12:16:26,514   INFO  Save latest model to /root/autodl-tmp/MambaFusion-main/output/mambafusion_models/mamba_fusion/default/ckpt/latest_model
2026-03-03 12:21:26,203   INFO  Save latest model to /root/autodl-tmp/MambaFusion-main/output/mambafusion_models/mamba_fusion/default/ckpt/latest_model
2026-03-03 12:26:26,749   INFO  Save latest model to /root/autodl-tmp/MambaFusion-main/output/mambafusion_models/mamba_fusion/default/ckpt/latest_model
2026-03-03 12:31:26,361   INFO  Save latest model to /root/autodl-tmp/MambaFusion-main/output/mambafusion_models/mamba_fusion/default/ckpt/latest_model
2026-03-03 12:36:25,110   INFO  Save latest model to /root/autodl-tmp/MambaFusion-main/output/mambafusion_models/mamba_fusion/default/ckpt/latest_model
2026-03-03 12:41:25,258   INFO  Save latest model to /root/autodl-tmp/MambaFusion-main/output/mambafusion_models/mamba_fusion/default/ckpt/latest_model
2026-03-03 12:41:28,904   INFO  Train:    6/10 ( 60%) [1504/10299 ( 15%)]  Loss: 1.566 (2.11)  loss_hm=0.6796, loss_cls=0.0896, loss_bbox=0.9919, matched_ious=0.5035, loss_iou=0.0945, loss_iou_reg=0.2270, d_time=0.01(0.02), f_time=1.81(1.98), b_time=1.82(2.00)  LR: 1.369e-03  Time cost: 50:04/4:52:38 [2:21:21/27:43:25]  Acc_iter 53000       Data time: 0.01(0.02)  Forward time: 1.81(1.98)  Batch time: 1.82(2.00)
2026-03-03 12:46:25,780   INFO  Save latest model to /root/autodl-tmp/MambaFusion-main/output/mambafusion_models/mamba_fusion/default/ckpt/latest_model
2026-03-03 12:51:26,876   INFO  Save latest model to /root/autodl-tmp/MambaFusion-main/output/mambafusion_models/mamba_fusion/default/ckpt/latest_model
2026-03-03 12:56:26,770   INFO  Save latest model to /root/autodl-tmp/MambaFusion-main/output/mambafusion_models/mamba_fusion/default/ckpt/latest_model
2026-03-03 13:01:26,334   INFO  Save latest model to /root/autodl-tmp/MambaFusion-main/output/mambafusion_models/mamba_fusion/default/ckpt/latest_model
2026-03-03 13:06:26,510   INFO  Save latest model to /root/autodl-tmp/MambaFusion-main/output/mambafusion_models/mamba_fusion/default/ckpt/latest_model
